::1 - - [13/Mar/2021:13:44:43 +0000] "OPTIONS /api/auths HTTP/1.1" 204 0 "http://localhost:4200/" "Mozilla/5.0 (Windows NT 10.0; Win64; x64) AppleWebKit/537.36 (KHTML, like Gecko) Chrome/89.0.4389.82 Safari/537.36"
::1 - - [13/Mar/2021:13:44:44 +0000] "POST /api/auths HTTP/1.1" 200 912 "http://localhost:4200/" "Mozilla/5.0 (Windows NT 10.0; Win64; x64) AppleWebKit/537.36 (KHTML, like Gecko) Chrome/89.0.4389.82 Safari/537.36"
::1 - - [13/Mar/2021:13:44:44 +0000] "OPTIONS /api/roles/ HTTP/1.1" 204 0 "http://localhost:4200/" "Mozilla/5.0 (Windows NT 10.0; Win64; x64) AppleWebKit/537.36 (KHTML, like Gecko) Chrome/89.0.4389.82 Safari/537.36"
::1 - - [13/Mar/2021:13:44:46 +0000] "GET /api/roles/ HTTP/1.1" 304 - "http://localhost:4200/" "Mozilla/5.0 (Windows NT 10.0; Win64; x64) AppleWebKit/537.36 (KHTML, like Gecko) Chrome/89.0.4389.82 Safari/537.36"
::1 - - [13/Mar/2021:13:44:46 +0000] "OPTIONS /api/users/by-role/603123d9b1608939cc9bc6ea HTTP/1.1" 204 0 "http://localhost:4200/" "Mozilla/5.0 (Windows NT 10.0; Win64; x64) AppleWebKit/537.36 (KHTML, like Gecko) Chrome/89.0.4389.82 Safari/537.36"
::1 - - [13/Mar/2021:13:44:47 +0000] "GET /api/users/by-role/603123d9b1608939cc9bc6ea HTTP/1.1" 304 - "http://localhost:4200/" "Mozilla/5.0 (Windows NT 10.0; Win64; x64) AppleWebKit/537.36 (KHTML, like Gecko) Chrome/89.0.4389.82 Safari/537.36"
::1 - - [13/Mar/2021:13:56:09 +0000] "OPTIONS /api/auths HTTP/1.1" 204 0 "http://localhost:4200/" "Mozilla/5.0 (Windows NT 10.0; Win64; x64) AppleWebKit/537.36 (KHTML, like Gecko) Chrome/89.0.4389.82 Safari/537.36"
::1 - - [13/Mar/2021:13:56:12 +0000] "POST /api/auths HTTP/1.1" 400 25 "http://localhost:4200/" "Mozilla/5.0 (Windows NT 10.0; Win64; x64) AppleWebKit/537.36 (KHTML, like Gecko) Chrome/89.0.4389.82 Safari/537.36"
::1 - - [13/Mar/2021:13:56:18 +0000] "OPTIONS /api/auths HTTP/1.1" 204 0 "http://localhost:4200/" "Mozilla/5.0 (Windows NT 10.0; Win64; x64) AppleWebKit/537.36 (KHTML, like Gecko) Chrome/89.0.4389.82 Safari/537.36"
::1 - - [13/Mar/2021:13:56:19 +0000] "POST /api/auths HTTP/1.1" 200 912 "http://localhost:4200/" "Mozilla/5.0 (Windows NT 10.0; Win64; x64) AppleWebKit/537.36 (KHTML, like Gecko) Chrome/89.0.4389.82 Safari/537.36"
::1 - - [13/Mar/2021:13:56:20 +0000] "OPTIONS /api/roles/ HTTP/1.1" 204 0 "http://localhost:4200/" "Mozilla/5.0 (Windows NT 10.0; Win64; x64) AppleWebKit/537.36 (KHTML, like Gecko) Chrome/89.0.4389.82 Safari/537.36"
::1 - - [13/Mar/2021:13:56:21 +0000] "GET /api/roles/ HTTP/1.1" 304 - "http://localhost:4200/" "Mozilla/5.0 (Windows NT 10.0; Win64; x64) AppleWebKit/537.36 (KHTML, like Gecko) Chrome/89.0.4389.82 Safari/537.36"
::1 - - [13/Mar/2021:13:56:21 +0000] "OPTIONS /api/users/by-role/603123d9b1608939cc9bc6ea HTTP/1.1" 204 0 "http://localhost:4200/" "Mozilla/5.0 (Windows NT 10.0; Win64; x64) AppleWebKit/537.36 (KHTML, like Gecko) Chrome/89.0.4389.82 Safari/537.36"
::1 - - [13/Mar/2021:13:56:22 +0000] "GET /api/users/by-role/603123d9b1608939cc9bc6ea HTTP/1.1" 304 - "http://localhost:4200/" "Mozilla/5.0 (Windows NT 10.0; Win64; x64) AppleWebKit/537.36 (KHTML, like Gecko) Chrome/89.0.4389.82 Safari/537.36"
::1 - - [13/Mar/2021:13:56:24 +0000] "OPTIONS /api/enrollment-zones/ HTTP/1.1" 204 0 "http://localhost:4200/" "Mozilla/5.0 (Windows NT 10.0; Win64; x64) AppleWebKit/537.36 (KHTML, like Gecko) Chrome/89.0.4389.82 Safari/537.36"
::1 - - [13/Mar/2021:13:56:26 +0000] "GET /api/enrollment-zones/ HTTP/1.1" 304 - "http://localhost:4200/" "Mozilla/5.0 (Windows NT 10.0; Win64; x64) AppleWebKit/537.36 (KHTML, like Gecko) Chrome/89.0.4389.82 Safari/537.36"
::1 - - [13/Mar/2021:13:56:49 +0000] "OPTIONS /api/users HTTP/1.1" 204 0 "http://localhost:4200/" "Mozilla/5.0 (Windows NT 10.0; Win64; x64) AppleWebKit/537.36 (KHTML, like Gecko) Chrome/89.0.4389.82 Safari/537.36"
::1 - - [13/Mar/2021:13:56:53 +0000] "POST /api/users HTTP/1.1" 200 178 "http://localhost:4200/" "Mozilla/5.0 (Windows NT 10.0; Win64; x64) AppleWebKit/537.36 (KHTML, like Gecko) Chrome/89.0.4389.82 Safari/537.36"
::1 - - [13/Mar/2021:13:56:53 +0000] "OPTIONS /api/users/by-role/603123d9b1608939cc9bc6ea HTTP/1.1" 204 0 "http://localhost:4200/" "Mozilla/5.0 (Windows NT 10.0; Win64; x64) AppleWebKit/537.36 (KHTML, like Gecko) Chrome/89.0.4389.82 Safari/537.36"
::1 - - [13/Mar/2021:13:56:55 +0000] "GET /api/users/by-role/603123d9b1608939cc9bc6ea HTTP/1.1" 200 262 "http://localhost:4200/" "Mozilla/5.0 (Windows NT 10.0; Win64; x64) AppleWebKit/537.36 (KHTML, like Gecko) Chrome/89.0.4389.82 Safari/537.36"
::1 - - [13/Mar/2021:13:57:16 +0000] "OPTIONS /api/auths HTTP/1.1" 204 0 "http://localhost:4200/" "Mozilla/5.0 (Windows NT 10.0; Win64; x64) AppleWebKit/537.36 (KHTML, like Gecko) Chrome/89.0.4389.82 Safari/537.36"
::1 - - [13/Mar/2021:13:57:18 +0000] "POST /api/auths HTTP/1.1" 200 930 "http://localhost:4200/" "Mozilla/5.0 (Windows NT 10.0; Win64; x64) AppleWebKit/537.36 (KHTML, like Gecko) Chrome/89.0.4389.82 Safari/537.36"
::1 - - [13/Mar/2021:13:57:19 +0000] "OPTIONS /api/years/ HTTP/1.1" 204 0 "http://localhost:4200/" "Mozilla/5.0 (Windows NT 10.0; Win64; x64) AppleWebKit/537.36 (KHTML, like Gecko) Chrome/89.0.4389.82 Safari/537.36"
::1 - - [13/Mar/2021:13:57:20 +0000] "GET /api/years/ HTTP/1.1" 304 - "http://localhost:4200/" "Mozilla/5.0 (Windows NT 10.0; Win64; x64) AppleWebKit/537.36 (KHTML, like Gecko) Chrome/89.0.4389.82 Safari/537.36"
::1 - - [13/Mar/2021:13:57:32 +0000] "OPTIONS /api/users/change-password/604cc4a48d620126a420b284 HTTP/1.1" 204 0 "http://localhost:4200/" "Mozilla/5.0 (Windows NT 10.0; Win64; x64) AppleWebKit/537.36 (KHTML, like Gecko) Chrome/89.0.4389.82 Safari/537.36"
::1 - - [13/Mar/2021:13:57:34 +0000] "PUT /api/users/change-password/604cc4a48d620126a420b284 HTTP/1.1" 200 320 "http://localhost:4200/" "Mozilla/5.0 (Windows NT 10.0; Win64; x64) AppleWebKit/537.36 (KHTML, like Gecko) Chrome/89.0.4389.82 Safari/537.36"
::1 - - [13/Mar/2021:13:57:43 +0000] "OPTIONS /api/auths HTTP/1.1" 204 0 "http://localhost:4200/" "Mozilla/5.0 (Windows NT 10.0; Win64; x64) AppleWebKit/537.36 (KHTML, like Gecko) Chrome/89.0.4389.82 Safari/537.36"
::1 - - [13/Mar/2021:13:57:45 +0000] "POST /api/auths HTTP/1.1" 200 931 "http://localhost:4200/" "Mozilla/5.0 (Windows NT 10.0; Win64; x64) AppleWebKit/537.36 (KHTML, like Gecko) Chrome/89.0.4389.82 Safari/537.36"
::1 - - [13/Mar/2021:13:57:45 +0000] "OPTIONS /api/years/ HTTP/1.1" 204 0 "http://localhost:4200/" "Mozilla/5.0 (Windows NT 10.0; Win64; x64) AppleWebKit/537.36 (KHTML, like Gecko) Chrome/89.0.4389.82 Safari/537.36"
::1 - - [13/Mar/2021:13:57:46 +0000] "GET /api/years/ HTTP/1.1" 304 - "http://localhost:4200/" "Mozilla/5.0 (Windows NT 10.0; Win64; x64) AppleWebKit/537.36 (KHTML, like Gecko) Chrome/89.0.4389.82 Safari/537.36"
::1 - - [13/Mar/2021:13:57:48 +0000] "OPTIONS /api/years/get-active/ HTTP/1.1" 204 0 "http://localhost:4200/" "Mozilla/5.0 (Windows NT 10.0; Win64; x64) AppleWebKit/537.36 (KHTML, like Gecko) Chrome/89.0.4389.82 Safari/537.36"
::1 - - [13/Mar/2021:13:57:50 +0000] "GET /api/years/get-active/ HTTP/1.1" 304 - "http://localhost:4200/" "Mozilla/5.0 (Windows NT 10.0; Win64; x64) AppleWebKit/537.36 (KHTML, like Gecko) Chrome/89.0.4389.82 Safari/537.36"
::1 - - [13/Mar/2021:13:57:50 +0000] "OPTIONS /api/enrollment-zones/604b2aa0cc4162455cd57e91 HTTP/1.1" 204 0 "http://localhost:4200/" "Mozilla/5.0 (Windows NT 10.0; Win64; x64) AppleWebKit/537.36 (KHTML, like Gecko) Chrome/89.0.4389.82 Safari/537.36"
::1 - - [13/Mar/2021:13:57:51 +0000] "GET /api/enrollment-zones/604b2aa0cc4162455cd57e91 HTTP/1.1" 200 111 "http://localhost:4200/" "Mozilla/5.0 (Windows NT 10.0; Win64; x64) AppleWebKit/537.36 (KHTML, like Gecko) Chrome/89.0.4389.82 Safari/537.36"
::1 - - [13/Mar/2021:13:58:04 +0000] "OPTIONS /api/states/ HTTP/1.1" 204 0 "http://localhost:4200/" "Mozilla/5.0 (Windows NT 10.0; Win64; x64) AppleWebKit/537.36 (KHTML, like Gecko) Chrome/89.0.4389.82 Safari/537.36"
::1 - - [13/Mar/2021:13:58:06 +0000] "GET /api/states/ HTTP/1.1" 304 - "http://localhost:4200/" "Mozilla/5.0 (Windows NT 10.0; Win64; x64) AppleWebKit/537.36 (KHTML, like Gecko) Chrome/89.0.4389.82 Safari/537.36"
::1 - - [13/Mar/2021:13:58:14 +0000] "OPTIONS /api/local-govs/by-state/60313fa0734fb337e45166fa HTTP/1.1" 204 0 "http://localhost:4200/" "Mozilla/5.0 (Windows NT 10.0; Win64; x64) AppleWebKit/537.36 (KHTML, like Gecko) Chrome/89.0.4389.82 Safari/537.36"
::1 - - [13/Mar/2021:13:58:16 +0000] "GET /api/local-govs/by-state/60313fa0734fb337e45166fa HTTP/1.1" 304 - "http://localhost:4200/" "Mozilla/5.0 (Windows NT 10.0; Win64; x64) AppleWebKit/537.36 (KHTML, like Gecko) Chrome/89.0.4389.82 Safari/537.36"
::1 - - [13/Mar/2021:13:59:18 +0000] "OPTIONS /api/banks/ HTTP/1.1" 204 0 "http://localhost:4200/" "Mozilla/5.0 (Windows NT 10.0; Win64; x64) AppleWebKit/537.36 (KHTML, like Gecko) Chrome/89.0.4389.82 Safari/537.36"
::1 - - [13/Mar/2021:13:59:19 +0000] "GET /api/banks/ HTTP/1.1" 304 - "http://localhost:4200/" "Mozilla/5.0 (Windows NT 10.0; Win64; x64) AppleWebKit/537.36 (KHTML, like Gecko) Chrome/89.0.4389.82 Safari/537.36"
::1 - - [13/Mar/2021:13:59:44 +0000] "OPTIONS /api/pilgrims/image HTTP/1.1" 204 0 "http://localhost:4200/" "Mozilla/5.0 (Windows NT 10.0; Win64; x64) AppleWebKit/537.36 (KHTML, like Gecko) Chrome/89.0.4389.82 Safari/537.36"
::1 - - [13/Mar/2021:13:59:45 +0000] "POST /api/pilgrims/image HTTP/1.1" 200 42 "http://localhost:4200/" "Mozilla/5.0 (Windows NT 10.0; Win64; x64) AppleWebKit/537.36 (KHTML, like Gecko) Chrome/89.0.4389.82 Safari/537.36"
::1 - - [13/Mar/2021:13:59:45 +0000] "OPTIONS /api/pilgrims HTTP/1.1" 204 0 "http://localhost:4200/" "Mozilla/5.0 (Windows NT 10.0; Win64; x64) AppleWebKit/537.36 (KHTML, like Gecko) Chrome/89.0.4389.82 Safari/537.36"
::1 - - [13/Mar/2021:13:59:49 +0000] "POST /api/pilgrims HTTP/1.1" 200 - "http://localhost:4200/" "Mozilla/5.0 (Windows NT 10.0; Win64; x64) AppleWebKit/537.36 (KHTML, like Gecko) Chrome/89.0.4389.82 Safari/537.36"
::1 - - [13/Mar/2021:13:59:54 +0000] "OPTIONS /api/enrollment-zones/604b2aa0cc4162455cd57e91 HTTP/1.1" 204 0 "http://localhost:4200/" "Mozilla/5.0 (Windows NT 10.0; Win64; x64) AppleWebKit/537.36 (KHTML, like Gecko) Chrome/89.0.4389.82 Safari/537.36"
::1 - - [13/Mar/2021:13:59:56 +0000] "GET /api/enrollment-zones/604b2aa0cc4162455cd57e91 HTTP/1.1" 304 - "http://localhost:4200/" "Mozilla/5.0 (Windows NT 10.0; Win64; x64) AppleWebKit/537.36 (KHTML, like Gecko) Chrome/89.0.4389.82 Safari/537.36"
::1 - - [13/Mar/2021:13:59:57 +0000] "OPTIONS /api/years/ HTTP/1.1" 204 0 "http://localhost:4200/" "Mozilla/5.0 (Windows NT 10.0; Win64; x64) AppleWebKit/537.36 (KHTML, like Gecko) Chrome/89.0.4389.82 Safari/537.36"
::1 - - [13/Mar/2021:13:59:58 +0000] "GET /api/years/ HTTP/1.1" 304 - "http://localhost:4200/" "Mozilla/5.0 (Windows NT 10.0; Win64; x64) AppleWebKit/537.36 (KHTML, like Gecko) Chrome/89.0.4389.82 Safari/537.36"
::1 - - [13/Mar/2021:14:00:00 +0000] "OPTIONS /api/pilgrims/by-year/604503fae49e94291045082f/ HTTP/1.1" 204 0 "http://localhost:4200/" "Mozilla/5.0 (Windows NT 10.0; Win64; x64) AppleWebKit/537.36 (KHTML, like Gecko) Chrome/89.0.4389.82 Safari/537.36"
::1 - - [13/Mar/2021:14:00:04 +0000] "GET /api/pilgrims/by-year/604503fae49e94291045082f/ HTTP/1.1" 200 - "http://localhost:4200/" "Mozilla/5.0 (Windows NT 10.0; Win64; x64) AppleWebKit/537.36 (KHTML, like Gecko) Chrome/89.0.4389.82 Safari/537.36"
::1 - - [13/Mar/2021:14:00:07 +0000] "OPTIONS /api/banks/ HTTP/1.1" 204 0 "http://localhost:4200/" "Mozilla/5.0 (Windows NT 10.0; Win64; x64) AppleWebKit/537.36 (KHTML, like Gecko) Chrome/89.0.4389.82 Safari/537.36"
::1 - - [13/Mar/2021:14:00:08 +0000] "GET /api/banks/ HTTP/1.1" 304 - "http://localhost:4200/" "Mozilla/5.0 (Windows NT 10.0; Win64; x64) AppleWebKit/537.36 (KHTML, like Gecko) Chrome/89.0.4389.82 Safari/537.36"
::1 - - [13/Mar/2021:14:01:21 +0000] "GET /api/pilgrims/image/f357dad5-9549-4e77-81c1-556d02d0737b_.jpg HTTP/1.1" 200 615516 "http://localhost:4200/" "Mozilla/5.0 (Windows NT 10.0; Win64; x64) AppleWebKit/537.36 (KHTML, like Gecko) Chrome/89.0.4389.82 Safari/537.36"
::1 - - [13/Mar/2021:14:01:21 +0000] "GET /favicon.ico HTTP/1.1" 404 150 "http://localhost:3000/api/pilgrims/image/f357dad5-9549-4e77-81c1-556d02d0737b_.jpg" "Mozilla/5.0 (Windows NT 10.0; Win64; x64) AppleWebKit/537.36 (KHTML, like Gecko) Chrome/89.0.4389.82 Safari/537.36"
::1 - - [13/Mar/2021:14:01:25 +0000] "GET /api/pilgrims/image/fd079a32-19e2-460a-943b-0073aa04c5ad_.jpeg HTTP/1.1" 200 26996 "http://localhost:4200/" "Mozilla/5.0 (Windows NT 10.0; Win64; x64) AppleWebKit/537.36 (KHTML, like Gecko) Chrome/89.0.4389.82 Safari/537.36"
::1 - - [13/Mar/2021:14:01:28 +0000] "GET /api/pilgrims/image/44a5354b-8144-49be-aea8-65392f7ef70c_.png HTTP/1.1" 200 7204 "http://localhost:4200/" "Mozilla/5.0 (Windows NT 10.0; Win64; x64) AppleWebKit/537.36 (KHTML, like Gecko) Chrome/89.0.4389.82 Safari/537.36"
::1 - - [13/Mar/2021:14:08:14 +0000] "OPTIONS /api/years/get-active/ HTTP/1.1" 204 0 "http://localhost:4200/" "Mozilla/5.0 (Windows NT 10.0; Win64; x64) AppleWebKit/537.36 (KHTML, like Gecko) Chrome/89.0.4389.82 Safari/537.36"
::1 - - [13/Mar/2021:14:08:15 +0000] "OPTIONS /api/years/ HTTP/1.1" 204 0 "http://localhost:4200/" "Mozilla/5.0 (Windows NT 10.0; Win64; x64) AppleWebKit/537.36 (KHTML, like Gecko) Chrome/89.0.4389.82 Safari/537.36"
::1 - - [13/Mar/2021:14:08:15 +0000] "GET /api/years/get-active/ HTTP/1.1" - - "http://localhost:4200/" "Mozilla/5.0 (Windows NT 10.0; Win64; x64) AppleWebKit/537.36 (KHTML, like Gecko) Chrome/89.0.4389.82 Safari/537.36"
::1 - - [13/Mar/2021:14:08:16 +0000] "GET /api/years/ HTTP/1.1" 304 - "http://localhost:4200/" "Mozilla/5.0 (Windows NT 10.0; Win64; x64) AppleWebKit/537.36 (KHTML, like Gecko) Chrome/89.0.4389.82 Safari/537.36"
::1 - - [13/Mar/2021:14:08:18 +0000] "OPTIONS /api/pilgrims/by-year/604503fae49e94291045082f/ HTTP/1.1" 204 0 "http://localhost:4200/" "Mozilla/5.0 (Windows NT 10.0; Win64; x64) AppleWebKit/537.36 (KHTML, like Gecko) Chrome/89.0.4389.82 Safari/537.36"
::1 - - [13/Mar/2021:14:08:21 +0000] "GET /api/pilgrims/by-year/604503fae49e94291045082f/ HTTP/1.1" 200 - "http://localhost:4200/" "Mozilla/5.0 (Windows NT 10.0; Win64; x64) AppleWebKit/537.36 (KHTML, like Gecko) Chrome/89.0.4389.82 Safari/537.36"
::1 - - [13/Mar/2021:14:08:22 +0000] "OPTIONS /api/banks/ HTTP/1.1" 204 0 "http://localhost:4200/" "Mozilla/5.0 (Windows NT 10.0; Win64; x64) AppleWebKit/537.36 (KHTML, like Gecko) Chrome/89.0.4389.82 Safari/537.36"
::1 - - [13/Mar/2021:14:08:24 +0000] "GET /api/banks/ HTTP/1.1" 304 - "http://localhost:4200/" "Mozilla/5.0 (Windows NT 10.0; Win64; x64) AppleWebKit/537.36 (KHTML, like Gecko) Chrome/89.0.4389.82 Safari/537.36"
::1 - - [13/Mar/2021:14:08:48 +0000] "OPTIONS /api/auths HTTP/1.1" 204 0 "http://localhost:4200/" "Mozilla/5.0 (Windows NT 10.0; Win64; x64) AppleWebKit/537.36 (KHTML, like Gecko) Chrome/89.0.4389.82 Safari/537.36"
::1 - - [13/Mar/2021:14:08:49 +0000] "POST /api/auths HTTP/1.1" 200 931 "http://localhost:4200/" "Mozilla/5.0 (Windows NT 10.0; Win64; x64) AppleWebKit/537.36 (KHTML, like Gecko) Chrome/89.0.4389.82 Safari/537.36"
::1 - - [13/Mar/2021:14:08:50 +0000] "OPTIONS /api/years/ HTTP/1.1" 204 0 "http://localhost:4200/" "Mozilla/5.0 (Windows NT 10.0; Win64; x64) AppleWebKit/537.36 (KHTML, like Gecko) Chrome/89.0.4389.82 Safari/537.36"
::1 - - [13/Mar/2021:14:08:51 +0000] "GET /api/years/ HTTP/1.1" 304 - "http://localhost:4200/" "Mozilla/5.0 (Windows NT 10.0; Win64; x64) AppleWebKit/537.36 (KHTML, like Gecko) Chrome/89.0.4389.82 Safari/537.36"
::1 - - [13/Mar/2021:14:08:52 +0000] "OPTIONS /api/users/by-role/6031241151323a4ef0ab7155 HTTP/1.1" 204 0 "http://localhost:4200/" "Mozilla/5.0 (Windows NT 10.0; Win64; x64) AppleWebKit/537.36 (KHTML, like Gecko) Chrome/89.0.4389.82 Safari/537.36"
::1 - - [13/Mar/2021:14:08:54 +0000] "GET /api/users/by-role/6031241151323a4ef0ab7155 HTTP/1.1" 304 - "http://localhost:4200/" "Mozilla/5.0 (Windows NT 10.0; Win64; x64) AppleWebKit/537.36 (KHTML, like Gecko) Chrome/89.0.4389.82 Safari/537.36"
::1 - - [13/Mar/2021:14:08:56 +0000] "OPTIONS /api/enrollment-zones/ HTTP/1.1" 204 0 "http://localhost:4200/" "Mozilla/5.0 (Windows NT 10.0; Win64; x64) AppleWebKit/537.36 (KHTML, like Gecko) Chrome/89.0.4389.82 Safari/537.36"
::1 - - [13/Mar/2021:14:08:57 +0000] "GET /api/enrollment-zones/ HTTP/1.1" 304 - "http://localhost:4200/" "Mozilla/5.0 (Windows NT 10.0; Win64; x64) AppleWebKit/537.36 (KHTML, like Gecko) Chrome/89.0.4389.82 Safari/537.36"
::1 - - [13/Mar/2021:14:09:10 +0000] "OPTIONS /api/users HTTP/1.1" 204 0 "http://localhost:4200/" "Mozilla/5.0 (Windows NT 10.0; Win64; x64) AppleWebKit/537.36 (KHTML, like Gecko) Chrome/89.0.4389.82 Safari/537.36"
::1 - - [13/Mar/2021:14:09:15 +0000] "POST /api/users HTTP/1.1" 200 164 "http://localhost:4200/" "Mozilla/5.0 (Windows NT 10.0; Win64; x64) AppleWebKit/537.36 (KHTML, like Gecko) Chrome/89.0.4389.82 Safari/537.36"
::1 - - [13/Mar/2021:14:09:15 +0000] "OPTIONS /api/users/by-role/6031241151323a4ef0ab7155 HTTP/1.1" 204 0 "http://localhost:4200/" "Mozilla/5.0 (Windows NT 10.0; Win64; x64) AppleWebKit/537.36 (KHTML, like Gecko) Chrome/89.0.4389.82 Safari/537.36"
::1 - - [13/Mar/2021:14:09:17 +0000] "GET /api/users/by-role/6031241151323a4ef0ab7155 HTTP/1.1" 200 253 "http://localhost:4200/" "Mozilla/5.0 (Windows NT 10.0; Win64; x64) AppleWebKit/537.36 (KHTML, like Gecko) Chrome/89.0.4389.82 Safari/537.36"
::1 - - [13/Mar/2021:14:09:34 +0000] "OPTIONS /api/auths HTTP/1.1" 204 0 "http://localhost:4200/" "Mozilla/5.0 (Windows NT 10.0; Win64; x64) AppleWebKit/537.36 (KHTML, like Gecko) Chrome/89.0.4389.82 Safari/537.36"
::1 - - [13/Mar/2021:14:09:36 +0000] "POST /api/auths HTTP/1.1" 200 888 "http://localhost:4200/" "Mozilla/5.0 (Windows NT 10.0; Win64; x64) AppleWebKit/537.36 (KHTML, like Gecko) Chrome/89.0.4389.82 Safari/537.36"
::1 - - [13/Mar/2021:14:09:37 +0000] "OPTIONS /api/years/ HTTP/1.1" 204 0 "http://localhost:4200/" "Mozilla/5.0 (Windows NT 10.0; Win64; x64) AppleWebKit/537.36 (KHTML, like Gecko) Chrome/89.0.4389.82 Safari/537.36"
::1 - - [13/Mar/2021:14:09:38 +0000] "GET /api/years/ HTTP/1.1" 304 - "http://localhost:4200/" "Mozilla/5.0 (Windows NT 10.0; Win64; x64) AppleWebKit/537.36 (KHTML, like Gecko) Chrome/89.0.4389.82 Safari/537.36"
::1 - - [13/Mar/2021:14:09:38 +0000] "OPTIONS /api/pilgrims/by-year/604503fae49e94291045082f/ HTTP/1.1" 204 0 "http://localhost:4200/" "Mozilla/5.0 (Windows NT 10.0; Win64; x64) AppleWebKit/537.36 (KHTML, like Gecko) Chrome/89.0.4389.82 Safari/537.36"
::1 - - [13/Mar/2021:14:09:40 +0000] "GET /api/pilgrims/by-year/604503fae49e94291045082f/ HTTP/1.1" 200 2 "http://localhost:4200/" "Mozilla/5.0 (Windows NT 10.0; Win64; x64) AppleWebKit/537.36 (KHTML, like Gecko) Chrome/89.0.4389.82 Safari/537.36"
::1 - - [13/Mar/2021:14:09:51 +0000] "OPTIONS /api/users/change-password/604cc78a15392523cc5f99a9 HTTP/1.1" 204 0 "http://localhost:4200/" "Mozilla/5.0 (Windows NT 10.0; Win64; x64) AppleWebKit/537.36 (KHTML, like Gecko) Chrome/89.0.4389.82 Safari/537.36"
::1 - - [13/Mar/2021:14:09:53 +0000] "PUT /api/users/change-password/604cc78a15392523cc5f99a9 HTTP/1.1" 200 306 "http://localhost:4200/" "Mozilla/5.0 (Windows NT 10.0; Win64; x64) AppleWebKit/537.36 (KHTML, like Gecko) Chrome/89.0.4389.82 Safari/537.36"
::1 - - [13/Mar/2021:14:10:00 +0000] "OPTIONS /api/auths HTTP/1.1" 204 0 "http://localhost:4200/" "Mozilla/5.0 (Windows NT 10.0; Win64; x64) AppleWebKit/537.36 (KHTML, like Gecko) Chrome/89.0.4389.82 Safari/537.36"
::1 - - [13/Mar/2021:14:10:02 +0000] "POST /api/auths HTTP/1.1" 200 889 "http://localhost:4200/" "Mozilla/5.0 (Windows NT 10.0; Win64; x64) AppleWebKit/537.36 (KHTML, like Gecko) Chrome/89.0.4389.82 Safari/537.36"
::1 - - [13/Mar/2021:14:10:02 +0000] "OPTIONS /api/years/ HTTP/1.1" 204 0 "http://localhost:4200/" "Mozilla/5.0 (Windows NT 10.0; Win64; x64) AppleWebKit/537.36 (KHTML, like Gecko) Chrome/89.0.4389.82 Safari/537.36"
::1 - - [13/Mar/2021:14:10:03 +0000] "GET /api/years/ HTTP/1.1" 304 - "http://localhost:4200/" "Mozilla/5.0 (Windows NT 10.0; Win64; x64) AppleWebKit/537.36 (KHTML, like Gecko) Chrome/89.0.4389.82 Safari/537.36"
::1 - - [13/Mar/2021:14:10:03 +0000] "OPTIONS /api/pilgrims/by-year/604503fae49e94291045082f/ HTTP/1.1" 204 0 "http://localhost:4200/" "Mozilla/5.0 (Windows NT 10.0; Win64; x64) AppleWebKit/537.36 (KHTML, like Gecko) Chrome/89.0.4389.82 Safari/537.36"
::1 - - [13/Mar/2021:14:10:05 +0000] "GET /api/pilgrims/by-year/604503fae49e94291045082f/ HTTP/1.1" 304 - "http://localhost:4200/" "Mozilla/5.0 (Windows NT 10.0; Win64; x64) AppleWebKit/537.36 (KHTML, like Gecko) Chrome/89.0.4389.82 Safari/537.36"
::1 - - [13/Mar/2021:14:10:12 +0000] "OPTIONS /api/pilgrims/deleted-by-year/604503fae49e94291045082f/ HTTP/1.1" 204 0 "http://localhost:4200/" "Mozilla/5.0 (Windows NT 10.0; Win64; x64) AppleWebKit/537.36 (KHTML, like Gecko) Chrome/89.0.4389.82 Safari/537.36"
::1 - - [13/Mar/2021:14:10:14 +0000] "GET /api/pilgrims/deleted-by-year/604503fae49e94291045082f/ HTTP/1.1" 304 - "http://localhost:4200/" "Mozilla/5.0 (Windows NT 10.0; Win64; x64) AppleWebKit/537.36 (KHTML, like Gecko) Chrome/89.0.4389.82 Safari/537.36"
::1 - - [13/Mar/2021:14:11:03 +0000] "OPTIONS /api/pilgrims/by-year/604503fae49e94291045082f/ HTTP/1.1" 204 0 "http://localhost:4200/" "Mozilla/5.0 (Windows NT 10.0; Win64; x64) AppleWebKit/537.36 (KHTML, like Gecko) Chrome/89.0.4389.82 Safari/537.36"
::1 - - [13/Mar/2021:14:11:05 +0000] "GET /api/pilgrims/by-year/604503fae49e94291045082f/ HTTP/1.1" 200 - "http://localhost:4200/" "Mozilla/5.0 (Windows NT 10.0; Win64; x64) AppleWebKit/537.36 (KHTML, like Gecko) Chrome/89.0.4389.82 Safari/537.36"
::1 - - [13/Mar/2021:14:11:15 +0000] "OPTIONS /api/pilgrims/by-year/604503fae49e94291045082f/ HTTP/1.1" 204 0 "http://localhost:4200/" "Mozilla/5.0 (Windows NT 10.0; Win64; x64) AppleWebKit/537.36 (KHTML, like Gecko) Chrome/89.0.4389.82 Safari/537.36"
::1 - - [13/Mar/2021:14:11:18 +0000] "GET /api/pilgrims/by-year/604503fae49e94291045082f/ HTTP/1.1" 200 2 "http://localhost:4200/" "Mozilla/5.0 (Windows NT 10.0; Win64; x64) AppleWebKit/537.36 (KHTML, like Gecko) Chrome/89.0.4389.82 Safari/537.36"
::1 - - [13/Mar/2021:14:12:07 +0000] "OPTIONS /api/pilgrims/deleted-by-year/604503fae49e94291045082f/ HTTP/1.1" 204 0 "http://localhost:4200/" "Mozilla/5.0 (Windows NT 10.0; Win64; x64) AppleWebKit/537.36 (KHTML, like Gecko) Chrome/89.0.4389.82 Safari/537.36"
::1 - - [13/Mar/2021:14:12:10 +0000] "GET /api/pilgrims/deleted-by-year/604503fae49e94291045082f/ HTTP/1.1" 304 - "http://localhost:4200/" "Mozilla/5.0 (Windows NT 10.0; Win64; x64) AppleWebKit/537.36 (KHTML, like Gecko) Chrome/89.0.4389.82 Safari/537.36"
::1 - - [13/Mar/2021:14:12:11 +0000] "OPTIONS /api/pilgrims/by-year/604503fae49e94291045082f/ HTTP/1.1" 204 0 "http://localhost:4200/" "Mozilla/5.0 (Windows NT 10.0; Win64; x64) AppleWebKit/537.36 (KHTML, like Gecko) Chrome/89.0.4389.82 Safari/537.36"
::1 - - [13/Mar/2021:14:12:13 +0000] "GET /api/pilgrims/by-year/604503fae49e94291045082f/ HTTP/1.1" 304 - "http://localhost:4200/" "Mozilla/5.0 (Windows NT 10.0; Win64; x64) AppleWebKit/537.36 (KHTML, like Gecko) Chrome/89.0.4389.82 Safari/537.36"
::1 - - [13/Mar/2021:14:12:24 +0000] "OPTIONS /api/auths HTTP/1.1" 204 0 "http://localhost:4200/" "Mozilla/5.0 (Windows NT 10.0; Win64; x64) AppleWebKit/537.36 (KHTML, like Gecko) Chrome/89.0.4389.82 Safari/537.36"
::1 - - [13/Mar/2021:14:12:25 +0000] "POST /api/auths HTTP/1.1" 200 889 "http://localhost:4200/" "Mozilla/5.0 (Windows NT 10.0; Win64; x64) AppleWebKit/537.36 (KHTML, like Gecko) Chrome/89.0.4389.82 Safari/537.36"
::1 - - [13/Mar/2021:14:12:25 +0000] "OPTIONS /api/years/ HTTP/1.1" 204 0 "http://localhost:4200/" "Mozilla/5.0 (Windows NT 10.0; Win64; x64) AppleWebKit/537.36 (KHTML, like Gecko) Chrome/89.0.4389.82 Safari/537.36"
::1 - - [13/Mar/2021:14:12:27 +0000] "GET /api/years/ HTTP/1.1" 304 - "http://localhost:4200/" "Mozilla/5.0 (Windows NT 10.0; Win64; x64) AppleWebKit/537.36 (KHTML, like Gecko) Chrome/89.0.4389.82 Safari/537.36"
::1 - - [13/Mar/2021:14:12:27 +0000] "OPTIONS /api/pilgrims/by-year/604503fae49e94291045082f/ HTTP/1.1" 204 0 "http://localhost:4200/" "Mozilla/5.0 (Windows NT 10.0; Win64; x64) AppleWebKit/537.36 (KHTML, like Gecko) Chrome/89.0.4389.82 Safari/537.36"
::1 - - [13/Mar/2021:14:12:29 +0000] "GET /api/pilgrims/by-year/604503fae49e94291045082f/ HTTP/1.1" 200 - "http://localhost:4200/" "Mozilla/5.0 (Windows NT 10.0; Win64; x64) AppleWebKit/537.36 (KHTML, like Gecko) Chrome/89.0.4389.82 Safari/537.36"
::1 - - [13/Mar/2021:14:13:03 +0000] "OPTIONS /api/pilgrims/deleted-by-year/604503fae49e94291045082f/ HTTP/1.1" 204 0 "http://localhost:4200/" "Mozilla/5.0 (Windows NT 10.0; Win64; x64) AppleWebKit/537.36 (KHTML, like Gecko) Chrome/89.0.4389.82 Safari/537.36"
::1 - - [13/Mar/2021:14:13:05 +0000] "GET /api/pilgrims/deleted-by-year/604503fae49e94291045082f/ HTTP/1.1" 304 - "http://localhost:4200/" "Mozilla/5.0 (Windows NT 10.0; Win64; x64) AppleWebKit/537.36 (KHTML, like Gecko) Chrome/89.0.4389.82 Safari/537.36"
::1 - - [13/Mar/2021:14:13:06 +0000] "OPTIONS /api/pilgrims/by-year/604503fae49e94291045082f/ HTTP/1.1" 204 0 "http://localhost:4200/" "Mozilla/5.0 (Windows NT 10.0; Win64; x64) AppleWebKit/537.36 (KHTML, like Gecko) Chrome/89.0.4389.82 Safari/537.36"
::1 - - [13/Mar/2021:14:13:09 +0000] "GET /api/pilgrims/by-year/604503fae49e94291045082f/ HTTP/1.1" 304 - "http://localhost:4200/" "Mozilla/5.0 (Windows NT 10.0; Win64; x64) AppleWebKit/537.36 (KHTML, like Gecko) Chrome/89.0.4389.82 Safari/537.36"
::1 - - [13/Mar/2021:14:13:14 +0000] "OPTIONS /api/users/by-role/603123d9b1608939cc9bc6ea HTTP/1.1" 204 0 "http://localhost:4200/" "Mozilla/5.0 (Windows NT 10.0; Win64; x64) AppleWebKit/537.36 (KHTML, like Gecko) Chrome/89.0.4389.82 Safari/537.36"
::1 - - [13/Mar/2021:14:13:16 +0000] "GET /api/users/by-role/603123d9b1608939cc9bc6ea HTTP/1.1" 200 263 "http://localhost:4200/" "Mozilla/5.0 (Windows NT 10.0; Win64; x64) AppleWebKit/537.36 (KHTML, like Gecko) Chrome/89.0.4389.82 Safari/537.36"
::1 - - [13/Mar/2021:14:13:17 +0000] "OPTIONS /api/users/by-role/6031241151323a4ef0ab7155 HTTP/1.1" 204 0 "http://localhost:4200/" "Mozilla/5.0 (Windows NT 10.0; Win64; x64) AppleWebKit/537.36 (KHTML, like Gecko) Chrome/89.0.4389.82 Safari/537.36"
::1 - - [13/Mar/2021:14:13:19 +0000] "GET /api/users/by-role/6031241151323a4ef0ab7155 HTTP/1.1" 200 2 "http://localhost:4200/" "Mozilla/5.0 (Windows NT 10.0; Win64; x64) AppleWebKit/537.36 (KHTML, like Gecko) Chrome/89.0.4389.82 Safari/537.36"
::1 - - [13/Mar/2021:14:13:20 +0000] "OPTIONS /api/enrollment-zones/ HTTP/1.1" 204 0 "http://localhost:4200/" "Mozilla/5.0 (Windows NT 10.0; Win64; x64) AppleWebKit/537.36 (KHTML, like Gecko) Chrome/89.0.4389.82 Safari/537.36"
::1 - - [13/Mar/2021:14:13:21 +0000] "GET /api/enrollment-zones/ HTTP/1.1" 304 - "http://localhost:4200/" "Mozilla/5.0 (Windows NT 10.0; Win64; x64) AppleWebKit/537.36 (KHTML, like Gecko) Chrome/89.0.4389.82 Safari/537.36"
::1 - - [13/Mar/2021:14:13:33 +0000] "OPTIONS /api/users HTTP/1.1" 204 0 "http://localhost:4200/" "Mozilla/5.0 (Windows NT 10.0; Win64; x64) AppleWebKit/537.36 (KHTML, like Gecko) Chrome/89.0.4389.82 Safari/537.36"
::1 - - [13/Mar/2021:14:13:38 +0000] "POST /api/users HTTP/1.1" 200 159 "http://localhost:4200/" "Mozilla/5.0 (Windows NT 10.0; Win64; x64) AppleWebKit/537.36 (KHTML, like Gecko) Chrome/89.0.4389.82 Safari/537.36"
::1 - - [13/Mar/2021:14:13:38 +0000] "OPTIONS /api/users/by-role/6031241151323a4ef0ab7155 HTTP/1.1" 204 0 "http://localhost:4200/" "Mozilla/5.0 (Windows NT 10.0; Win64; x64) AppleWebKit/537.36 (KHTML, like Gecko) Chrome/89.0.4389.82 Safari/537.36"
::1 - - [13/Mar/2021:14:13:40 +0000] "GET /api/users/by-role/6031241151323a4ef0ab7155 HTTP/1.1" 200 243 "http://localhost:4200/" "Mozilla/5.0 (Windows NT 10.0; Win64; x64) AppleWebKit/537.36 (KHTML, like Gecko) Chrome/89.0.4389.82 Safari/537.36"
::1 - - [13/Mar/2021:14:13:54 +0000] "OPTIONS /api/auths HTTP/1.1" 204 0 "http://localhost:4200/" "Mozilla/5.0 (Windows NT 10.0; Win64; x64) AppleWebKit/537.36 (KHTML, like Gecko) Chrome/89.0.4389.82 Safari/537.36"
::1 - - [13/Mar/2021:14:13:56 +0000] "POST /api/auths HTTP/1.1" 200 876 "http://localhost:4200/" "Mozilla/5.0 (Windows NT 10.0; Win64; x64) AppleWebKit/537.36 (KHTML, like Gecko) Chrome/89.0.4389.82 Safari/537.36"
::1 - - [13/Mar/2021:14:13:56 +0000] "OPTIONS /api/years/ HTTP/1.1" 204 0 "http://localhost:4200/" "Mozilla/5.0 (Windows NT 10.0; Win64; x64) AppleWebKit/537.36 (KHTML, like Gecko) Chrome/89.0.4389.82 Safari/537.36"
::1 - - [13/Mar/2021:14:13:57 +0000] "GET /api/years/ HTTP/1.1" 304 - "http://localhost:4200/" "Mozilla/5.0 (Windows NT 10.0; Win64; x64) AppleWebKit/537.36 (KHTML, like Gecko) Chrome/89.0.4389.82 Safari/537.36"
::1 - - [13/Mar/2021:14:13:57 +0000] "OPTIONS /api/pilgrims/by-year/604503fae49e94291045082f/ HTTP/1.1" 204 0 "http://localhost:4200/" "Mozilla/5.0 (Windows NT 10.0; Win64; x64) AppleWebKit/537.36 (KHTML, like Gecko) Chrome/89.0.4389.82 Safari/537.36"
::1 - - [13/Mar/2021:14:14:00 +0000] "GET /api/pilgrims/by-year/604503fae49e94291045082f/ HTTP/1.1" 304 - "http://localhost:4200/" "Mozilla/5.0 (Windows NT 10.0; Win64; x64) AppleWebKit/537.36 (KHTML, like Gecko) Chrome/89.0.4389.82 Safari/537.36"
::1 - - [13/Mar/2021:14:14:11 +0000] "OPTIONS /api/users/change-password/604cc89015392523cc5f99ad HTTP/1.1" 204 0 "http://localhost:4200/" "Mozilla/5.0 (Windows NT 10.0; Win64; x64) AppleWebKit/537.36 (KHTML, like Gecko) Chrome/89.0.4389.82 Safari/537.36"
::1 - - [13/Mar/2021:14:14:13 +0000] "PUT /api/users/change-password/604cc89015392523cc5f99ad HTTP/1.1" 200 301 "http://localhost:4200/" "Mozilla/5.0 (Windows NT 10.0; Win64; x64) AppleWebKit/537.36 (KHTML, like Gecko) Chrome/89.0.4389.82 Safari/537.36"
::1 - - [13/Mar/2021:14:14:19 +0000] "OPTIONS /api/auths HTTP/1.1" 204 0 "http://localhost:4200/" "Mozilla/5.0 (Windows NT 10.0; Win64; x64) AppleWebKit/537.36 (KHTML, like Gecko) Chrome/89.0.4389.82 Safari/537.36"
::1 - - [13/Mar/2021:14:14:20 +0000] "POST /api/auths HTTP/1.1" 200 877 "http://localhost:4200/" "Mozilla/5.0 (Windows NT 10.0; Win64; x64) AppleWebKit/537.36 (KHTML, like Gecko) Chrome/89.0.4389.82 Safari/537.36"
::1 - - [13/Mar/2021:14:14:21 +0000] "OPTIONS /api/years/ HTTP/1.1" 204 0 "http://localhost:4200/" "Mozilla/5.0 (Windows NT 10.0; Win64; x64) AppleWebKit/537.36 (KHTML, like Gecko) Chrome/89.0.4389.82 Safari/537.36"
::1 - - [13/Mar/2021:14:14:22 +0000] "GET /api/years/ HTTP/1.1" 304 - "http://localhost:4200/" "Mozilla/5.0 (Windows NT 10.0; Win64; x64) AppleWebKit/537.36 (KHTML, like Gecko) Chrome/89.0.4389.82 Safari/537.36"
::1 - - [13/Mar/2021:14:14:22 +0000] "OPTIONS /api/pilgrims/by-year/604503fae49e94291045082f/ HTTP/1.1" 204 0 "http://localhost:4200/" "Mozilla/5.0 (Windows NT 10.0; Win64; x64) AppleWebKit/537.36 (KHTML, like Gecko) Chrome/89.0.4389.82 Safari/537.36"
::1 - - [13/Mar/2021:14:14:25 +0000] "GET /api/pilgrims/by-year/604503fae49e94291045082f/ HTTP/1.1" 304 - "http://localhost:4200/" "Mozilla/5.0 (Windows NT 10.0; Win64; x64) AppleWebKit/537.36 (KHTML, like Gecko) Chrome/89.0.4389.82 Safari/537.36"
::1 - - [13/Mar/2021:14:14:34 +0000] "OPTIONS /api/banks/ HTTP/1.1" 204 0 "http://localhost:4200/" "Mozilla/5.0 (Windows NT 10.0; Win64; x64) AppleWebKit/537.36 (KHTML, like Gecko) Chrome/89.0.4389.82 Safari/537.36"
::1 - - [13/Mar/2021:14:14:35 +0000] "GET /api/banks/ HTTP/1.1" 304 - "http://localhost:4200/" "Mozilla/5.0 (Windows NT 10.0; Win64; x64) AppleWebKit/537.36 (KHTML, like Gecko) Chrome/89.0.4389.82 Safari/537.36"
::1 - - [13/Mar/2021:14:14:42 +0000] "OPTIONS /api/banks/ HTTP/1.1" 204 0 "http://localhost:4200/" "Mozilla/5.0 (Windows NT 10.0; Win64; x64) AppleWebKit/537.36 (KHTML, like Gecko) Chrome/89.0.4389.82 Safari/537.36"
::1 - - [13/Mar/2021:14:14:43 +0000] "GET /api/banks/ HTTP/1.1" 304 - "http://localhost:4200/" "Mozilla/5.0 (Windows NT 10.0; Win64; x64) AppleWebKit/537.36 (KHTML, like Gecko) Chrome/89.0.4389.82 Safari/537.36"
::1 - - [13/Mar/2021:14:18:02 +0000] "OPTIONS /api/years/ HTTP/1.1" 204 0 "http://localhost:4200/" "Mozilla/5.0 (Windows NT 10.0; Win64; x64) AppleWebKit/537.36 (KHTML, like Gecko) Chrome/89.0.4389.82 Safari/537.36"
::1 - - [13/Mar/2021:14:18:04 +0000] "GET /api/years/ HTTP/1.1" 304 - "http://localhost:4200/" "Mozilla/5.0 (Windows NT 10.0; Win64; x64) AppleWebKit/537.36 (KHTML, like Gecko) Chrome/89.0.4389.82 Safari/537.36"
::1 - - [13/Mar/2021:14:18:04 +0000] "OPTIONS /api/pilgrims/by-year/604503fae49e94291045082f/ HTTP/1.1" 204 0 "http://localhost:4200/" "Mozilla/5.0 (Windows NT 10.0; Win64; x64) AppleWebKit/537.36 (KHTML, like Gecko) Chrome/89.0.4389.82 Safari/537.36"
::1 - - [13/Mar/2021:14:18:05 +0000] "GET /api/years/ HTTP/1.1" 304 - "http://localhost:4200/" "Mozilla/5.0 (Windows NT 10.0; Win64; x64) AppleWebKit/537.36 (KHTML, like Gecko) Chrome/89.0.4389.82 Safari/537.36"
::1 - - [13/Mar/2021:14:18:30 +0000] "GET /api/pilgrims/by-year/604503fae49e94291045082f/ HTTP/1.1" 304 - "http://localhost:4200/" "Mozilla/5.0 (Windows NT 10.0; Win64; x64) AppleWebKit/537.36 (KHTML, like Gecko) Chrome/89.0.4389.82 Safari/537.36"
::1 - - [13/Mar/2021:14:19:42 +0000] "OPTIONS /api/years/ HTTP/1.1" 204 0 "http://localhost:4200/" "Mozilla/5.0 (Windows NT 10.0; Win64; x64) AppleWebKit/537.36 (KHTML, like Gecko) Chrome/89.0.4389.82 Safari/537.36"
::1 - - [13/Mar/2021:14:19:44 +0000] "GET /api/years/ HTTP/1.1" 304 - "http://localhost:4200/" "Mozilla/5.0 (Windows NT 10.0; Win64; x64) AppleWebKit/537.36 (KHTML, like Gecko) Chrome/89.0.4389.82 Safari/537.36"
::1 - - [13/Mar/2021:14:19:44 +0000] "OPTIONS /api/pilgrims/by-year/604503fae49e94291045082f/ HTTP/1.1" 204 0 "http://localhost:4200/" "Mozilla/5.0 (Windows NT 10.0; Win64; x64) AppleWebKit/537.36 (KHTML, like Gecko) Chrome/89.0.4389.82 Safari/537.36"
::1 - - [13/Mar/2021:14:19:47 +0000] "GET /api/pilgrims/by-year/604503fae49e94291045082f/ HTTP/1.1" 304 - "http://localhost:4200/" "Mozilla/5.0 (Windows NT 10.0; Win64; x64) AppleWebKit/537.36 (KHTML, like Gecko) Chrome/89.0.4389.82 Safari/537.36"
::1 - - [13/Mar/2021:14:19:52 +0000] "OPTIONS /api/years/ HTTP/1.1" 204 0 "http://localhost:4200/" "Mozilla/5.0 (Windows NT 10.0; Win64; x64) AppleWebKit/537.36 (KHTML, like Gecko) Chrome/89.0.4389.82 Safari/537.36"
::1 - - [13/Mar/2021:14:19:53 +0000] "GET /api/years/ HTTP/1.1" 304 - "http://localhost:4200/" "Mozilla/5.0 (Windows NT 10.0; Win64; x64) AppleWebKit/537.36 (KHTML, like Gecko) Chrome/89.0.4389.82 Safari/537.36"
::1 - - [13/Mar/2021:14:19:53 +0000] "OPTIONS /api/pilgrims/by-year/604503fae49e94291045082f/ HTTP/1.1" 204 0 "http://localhost:4200/" "Mozilla/5.0 (Windows NT 10.0; Win64; x64) AppleWebKit/537.36 (KHTML, like Gecko) Chrome/89.0.4389.82 Safari/537.36"
::1 - - [13/Mar/2021:14:19:56 +0000] "GET /api/pilgrims/by-year/604503fae49e94291045082f/ HTTP/1.1" 304 - "http://localhost:4200/" "Mozilla/5.0 (Windows NT 10.0; Win64; x64) AppleWebKit/537.36 (KHTML, like Gecko) Chrome/89.0.4389.82 Safari/537.36"
::1 - - [13/Mar/2021:14:19:57 +0000] "OPTIONS /api/banks/ HTTP/1.1" 204 0 "http://localhost:4200/" "Mozilla/5.0 (Windows NT 10.0; Win64; x64) AppleWebKit/537.36 (KHTML, like Gecko) Chrome/89.0.4389.82 Safari/537.36"
::1 - - [13/Mar/2021:14:19:58 +0000] "GET /api/banks/ HTTP/1.1" 304 - "http://localhost:4200/" "Mozilla/5.0 (Windows NT 10.0; Win64; x64) AppleWebKit/537.36 (KHTML, like Gecko) Chrome/89.0.4389.82 Safari/537.36"
::1 - - [13/Mar/2021:14:21:32 +0000] "OPTIONS /api/years/ HTTP/1.1" 204 0 "http://localhost:4200/" "Mozilla/5.0 (Windows NT 10.0; Win64; x64) AppleWebKit/537.36 (KHTML, like Gecko) Chrome/89.0.4389.82 Safari/537.36"
::1 - - [13/Mar/2021:14:21:34 +0000] "GET /api/years/ HTTP/1.1" 304 - "http://localhost:4200/" "Mozilla/5.0 (Windows NT 10.0; Win64; x64) AppleWebKit/537.36 (KHTML, like Gecko) Chrome/89.0.4389.82 Safari/537.36"
::1 - - [13/Mar/2021:14:21:34 +0000] "OPTIONS /api/pilgrims/by-year/604503fae49e94291045082f/ HTTP/1.1" 204 0 "http://localhost:4200/" "Mozilla/5.0 (Windows NT 10.0; Win64; x64) AppleWebKit/537.36 (KHTML, like Gecko) Chrome/89.0.4389.82 Safari/537.36"
::1 - - [13/Mar/2021:14:21:34 +0000] "GET /api/pilgrims/by-year/604503fae49e94291045082f/ HTTP/1.1" - - "http://localhost:4200/" "Mozilla/5.0 (Windows NT 10.0; Win64; x64) AppleWebKit/537.36 (KHTML, like Gecko) Chrome/89.0.4389.82 Safari/537.36"
::1 - - [13/Mar/2021:14:21:36 +0000] "GET /api/years/ HTTP/1.1" 304 - "http://localhost:4200/" "Mozilla/5.0 (Windows NT 10.0; Win64; x64) AppleWebKit/537.36 (KHTML, like Gecko) Chrome/89.0.4389.82 Safari/537.36"
::1 - - [13/Mar/2021:14:21:37 +0000] "GET /api/years/ HTTP/1.1" 304 - "http://localhost:4200/" "Mozilla/5.0 (Windows NT 10.0; Win64; x64) AppleWebKit/537.36 (KHTML, like Gecko) Chrome/89.0.4389.82 Safari/537.36"
::1 - - [13/Mar/2021:14:21:40 +0000] "GET /api/pilgrims/by-year/604503fae49e94291045082f/ HTTP/1.1" 200 - "http://localhost:4200/" "Mozilla/5.0 (Windows NT 10.0; Win64; x64) AppleWebKit/537.36 (KHTML, like Gecko) Chrome/89.0.4389.82 Safari/537.36"
::1 - - [13/Mar/2021:14:22:00 +0000] "OPTIONS /api/years/ HTTP/1.1" 204 0 "http://localhost:4200/" "Mozilla/5.0 (Windows NT 10.0; Win64; x64) AppleWebKit/537.36 (KHTML, like Gecko) Chrome/89.0.4389.82 Safari/537.36"
::1 - - [13/Mar/2021:14:22:02 +0000] "GET /api/years/ HTTP/1.1" 304 - "http://localhost:4200/" "Mozilla/5.0 (Windows NT 10.0; Win64; x64) AppleWebKit/537.36 (KHTML, like Gecko) Chrome/89.0.4389.82 Safari/537.36"
::1 - - [13/Mar/2021:14:22:02 +0000] "OPTIONS /api/pilgrims/by-year/604503fae49e94291045082f/ HTTP/1.1" 204 0 "http://localhost:4200/" "Mozilla/5.0 (Windows NT 10.0; Win64; x64) AppleWebKit/537.36 (KHTML, like Gecko) Chrome/89.0.4389.82 Safari/537.36"
::1 - - [13/Mar/2021:14:22:02 +0000] "GET /api/years/ HTTP/1.1" - - "http://localhost:4200/" "Mozilla/5.0 (Windows NT 10.0; Win64; x64) AppleWebKit/537.36 (KHTML, like Gecko) Chrome/89.0.4389.82 Safari/537.36"
::1 - - [13/Mar/2021:14:22:02 +0000] "GET /api/pilgrims/by-year/604503fae49e94291045082f/ HTTP/1.1" - - "http://localhost:4200/" "Mozilla/5.0 (Windows NT 10.0; Win64; x64) AppleWebKit/537.36 (KHTML, like Gecko) Chrome/89.0.4389.82 Safari/537.36"
::1 - - [13/Mar/2021:14:22:04 +0000] "GET /api/years/ HTTP/1.1" 200 744 "http://localhost:4200/" "Mozilla/5.0 (Windows NT 10.0; Win64; x64) AppleWebKit/537.36 (KHTML, like Gecko) Chrome/89.0.4389.82 Safari/537.36"
::1 - - [13/Mar/2021:14:22:06 +0000] "GET /api/years/ HTTP/1.1" 304 - "http://localhost:4200/" "Mozilla/5.0 (Windows NT 10.0; Win64; x64) AppleWebKit/537.36 (KHTML, like Gecko) Chrome/89.0.4389.82 Safari/537.36"
::1 - - [13/Mar/2021:14:22:07 +0000] "GET /api/pilgrims/by-year/604503fae49e94291045082f/ HTTP/1.1" 200 - "http://localhost:4200/" "Mozilla/5.0 (Windows NT 10.0; Win64; x64) AppleWebKit/537.36 (KHTML, like Gecko) Chrome/89.0.4389.82 Safari/537.36"
::1 - - [13/Mar/2021:14:22:24 +0000] "OPTIONS /api/years/ HTTP/1.1" 204 0 "http://localhost:4200/" "Mozilla/5.0 (Windows NT 10.0; Win64; x64) AppleWebKit/537.36 (KHTML, like Gecko) Chrome/89.0.4389.82 Safari/537.36"
::1 - - [13/Mar/2021:14:22:25 +0000] "GET /api/years/ HTTP/1.1" 304 - "http://localhost:4200/" "Mozilla/5.0 (Windows NT 10.0; Win64; x64) AppleWebKit/537.36 (KHTML, like Gecko) Chrome/89.0.4389.82 Safari/537.36"
::1 - - [13/Mar/2021:14:22:27 +0000] "GET /api/years/ HTTP/1.1" 304 - "http://localhost:4200/" "Mozilla/5.0 (Windows NT 10.0; Win64; x64) AppleWebKit/537.36 (KHTML, like Gecko) Chrome/89.0.4389.82 Safari/537.36"
::1 - - [13/Mar/2021:14:22:27 +0000] "OPTIONS /api/pilgrims/by-year/604503fae49e94291045082f/ HTTP/1.1" 204 0 "http://localhost:4200/" "Mozilla/5.0 (Windows NT 10.0; Win64; x64) AppleWebKit/537.36 (KHTML, like Gecko) Chrome/89.0.4389.82 Safari/537.36"
::1 - - [13/Mar/2021:14:22:29 +0000] "GET /api/pilgrims/by-year/604503fae49e94291045082f/ HTTP/1.1" 304 - "http://localhost:4200/" "Mozilla/5.0 (Windows NT 10.0; Win64; x64) AppleWebKit/537.36 (KHTML, like Gecko) Chrome/89.0.4389.82 Safari/537.36"
::1 - - [13/Mar/2021:14:22:36 +0000] "OPTIONS /api/years/ HTTP/1.1" 204 0 "http://localhost:4200/" "Mozilla/5.0 (Windows NT 10.0; Win64; x64) AppleWebKit/537.36 (KHTML, like Gecko) Chrome/89.0.4389.82 Safari/537.36"
::1 - - [13/Mar/2021:14:22:38 +0000] "GET /api/years/ HTTP/1.1" 304 - "http://localhost:4200/" "Mozilla/5.0 (Windows NT 10.0; Win64; x64) AppleWebKit/537.36 (KHTML, like Gecko) Chrome/89.0.4389.82 Safari/537.36"
::1 - - [13/Mar/2021:14:22:39 +0000] "GET /api/years/ HTTP/1.1" 304 - "http://localhost:4200/" "Mozilla/5.0 (Windows NT 10.0; Win64; x64) AppleWebKit/537.36 (KHTML, like Gecko) Chrome/89.0.4389.82 Safari/537.36"
::1 - - [13/Mar/2021:14:22:39 +0000] "OPTIONS /api/pilgrims/by-year/604503fae49e94291045082f/ HTTP/1.1" 204 0 "http://localhost:4200/" "Mozilla/5.0 (Windows NT 10.0; Win64; x64) AppleWebKit/537.36 (KHTML, like Gecko) Chrome/89.0.4389.82 Safari/537.36"
::1 - - [13/Mar/2021:14:22:42 +0000] "GET /api/pilgrims/by-year/604503fae49e94291045082f/ HTTP/1.1" 304 - "http://localhost:4200/" "Mozilla/5.0 (Windows NT 10.0; Win64; x64) AppleWebKit/537.36 (KHTML, like Gecko) Chrome/89.0.4389.82 Safari/537.36"
::1 - - [13/Mar/2021:14:25:32 +0000] "OPTIONS /api/banks/ HTTP/1.1" 204 0 "http://localhost:4200/" "Mozilla/5.0 (Windows NT 10.0; Win64; x64) AppleWebKit/537.36 (KHTML, like Gecko) Chrome/89.0.4389.82 Safari/537.36"
::1 - - [13/Mar/2021:14:25:34 +0000] "GET /api/banks/ HTTP/1.1" 304 - "http://localhost:4200/" "Mozilla/5.0 (Windows NT 10.0; Win64; x64) AppleWebKit/537.36 (KHTML, like Gecko) Chrome/89.0.4389.82 Safari/537.36"
::1 - - [13/Mar/2021:14:25:45 +0000] "OPTIONS /api/pilgrims/deleted-by-year/604503fae49e94291045082f/ HTTP/1.1" 204 0 "http://localhost:4200/" "Mozilla/5.0 (Windows NT 10.0; Win64; x64) AppleWebKit/537.36 (KHTML, like Gecko) Chrome/89.0.4389.82 Safari/537.36"
::1 - - [13/Mar/2021:14:25:47 +0000] "GET /api/pilgrims/deleted-by-year/604503fae49e94291045082f/ HTTP/1.1" 304 - "http://localhost:4200/" "Mozilla/5.0 (Windows NT 10.0; Win64; x64) AppleWebKit/537.36 (KHTML, like Gecko) Chrome/89.0.4389.82 Safari/537.36"
::1 - - [13/Mar/2021:14:25:48 +0000] "OPTIONS /api/pilgrims/by-year/604503fae49e94291045082f/ HTTP/1.1" 204 0 "http://localhost:4200/" "Mozilla/5.0 (Windows NT 10.0; Win64; x64) AppleWebKit/537.36 (KHTML, like Gecko) Chrome/89.0.4389.82 Safari/537.36"
::1 - - [13/Mar/2021:14:25:51 +0000] "GET /api/pilgrims/by-year/604503fae49e94291045082f/ HTTP/1.1" 304 - "http://localhost:4200/" "Mozilla/5.0 (Windows NT 10.0; Win64; x64) AppleWebKit/537.36 (KHTML, like Gecko) Chrome/89.0.4389.82 Safari/537.36"
::1 - - [13/Mar/2021:14:25:54 +0000] "OPTIONS /api/years/ HTTP/1.1" 204 0 "http://localhost:4200/" "Mozilla/5.0 (Windows NT 10.0; Win64; x64) AppleWebKit/537.36 (KHTML, like Gecko) Chrome/89.0.4389.82 Safari/537.36"
::1 - - [13/Mar/2021:14:25:56 +0000] "GET /api/years/ HTTP/1.1" 304 - "http://localhost:4200/" "Mozilla/5.0 (Windows NT 10.0; Win64; x64) AppleWebKit/537.36 (KHTML, like Gecko) Chrome/89.0.4389.82 Safari/537.36"
::1 - - [13/Mar/2021:14:25:56 +0000] "OPTIONS /api/pilgrims/by-year/604503fae49e94291045082f/ HTTP/1.1" 204 0 "http://localhost:4200/" "Mozilla/5.0 (Windows NT 10.0; Win64; x64) AppleWebKit/537.36 (KHTML, like Gecko) Chrome/89.0.4389.82 Safari/537.36"
::1 - - [13/Mar/2021:14:25:58 +0000] "GET /api/pilgrims/by-year/604503fae49e94291045082f/ HTTP/1.1" 304 - "http://localhost:4200/" "Mozilla/5.0 (Windows NT 10.0; Win64; x64) AppleWebKit/537.36 (KHTML, like Gecko) Chrome/89.0.4389.82 Safari/537.36"
::1 - - [13/Mar/2021:14:27:09 +0000] "OPTIONS /api/years/ HTTP/1.1" 204 0 "http://localhost:4200/" "Mozilla/5.0 (Windows NT 10.0; Win64; x64) AppleWebKit/537.36 (KHTML, like Gecko) Chrome/89.0.4389.82 Safari/537.36"
::1 - - [13/Mar/2021:14:27:14 +0000] "GET /api/years/ HTTP/1.1" - - "http://localhost:4200/" "Mozilla/5.0 (Windows NT 10.0; Win64; x64) AppleWebKit/537.36 (KHTML, like Gecko) Chrome/89.0.4389.82 Safari/537.36"
::1 - - [13/Mar/2021:14:27:14 +0000] "GET /api/years/ HTTP/1.1" - - "http://localhost:4200/" "Mozilla/5.0 (Windows NT 10.0; Win64; x64) AppleWebKit/537.36 (KHTML, like Gecko) Chrome/89.0.4389.82 Safari/537.36"
::1 - - [13/Mar/2021:14:27:14 +0000] "OPTIONS /api/years/ HTTP/1.1" 204 0 "http://localhost:4200/" "Mozilla/5.0 (Windows NT 10.0; Win64; x64) AppleWebKit/537.36 (KHTML, like Gecko) Chrome/89.0.4389.82 Safari/537.36"
::1 - - [13/Mar/2021:14:27:18 +0000] "GET /api/years/ HTTP/1.1" - - "http://localhost:4200/" "Mozilla/5.0 (Windows NT 10.0; Win64; x64) AppleWebKit/537.36 (KHTML, like Gecko) Chrome/89.0.4389.82 Safari/537.36"
::1 - - [13/Mar/2021:14:27:24 +0000] "GET /api/years/ HTTP/1.1" - - "http://localhost:4200/" "Mozilla/5.0 (Windows NT 10.0; Win64; x64) AppleWebKit/537.36 (KHTML, like Gecko) Chrome/89.0.4389.82 Safari/537.36"
::1 - - [13/Mar/2021:14:27:25 +0000] "OPTIONS /api/years/ HTTP/1.1" 204 0 "http://localhost:4200/" "Mozilla/5.0 (Windows NT 10.0; Win64; x64) AppleWebKit/537.36 (KHTML, like Gecko) Chrome/89.0.4389.82 Safari/537.36"
::1 - - [13/Mar/2021:14:27:34 +0000] "GET /api/years/ HTTP/1.1" 200 744 "http://localhost:4200/" "Mozilla/5.0 (Windows NT 10.0; Win64; x64) AppleWebKit/537.36 (KHTML, like Gecko) Chrome/89.0.4389.82 Safari/537.36"
::1 - - [13/Mar/2021:14:27:34 +0000] "OPTIONS /api/pilgrims/by-year/604503fae49e94291045082f/ HTTP/1.1" 204 0 "http://localhost:4200/" "Mozilla/5.0 (Windows NT 10.0; Win64; x64) AppleWebKit/537.36 (KHTML, like Gecko) Chrome/89.0.4389.82 Safari/537.36"
::1 - - [13/Mar/2021:14:27:36 +0000] "GET /api/years/ HTTP/1.1" 304 - "http://localhost:4200/" "Mozilla/5.0 (Windows NT 10.0; Win64; x64) AppleWebKit/537.36 (KHTML, like Gecko) Chrome/89.0.4389.82 Safari/537.36"
::1 - - [13/Mar/2021:14:27:37 +0000] "GET /api/pilgrims/by-year/604503fae49e94291045082f/ HTTP/1.1" 304 - "http://localhost:4200/" "Mozilla/5.0 (Windows NT 10.0; Win64; x64) AppleWebKit/537.36 (KHTML, like Gecko) Chrome/89.0.4389.82 Safari/537.36"
::1 - - [13/Mar/2021:14:27:52 +0000] "OPTIONS /api/years/ HTTP/1.1" 204 0 "http://localhost:4200/" "Mozilla/5.0 (Windows NT 10.0; Win64; x64) AppleWebKit/537.36 (KHTML, like Gecko) Chrome/89.0.4389.82 Safari/537.36"
::1 - - [13/Mar/2021:14:27:53 +0000] "GET /api/years/ HTTP/1.1" 304 - "http://localhost:4200/" "Mozilla/5.0 (Windows NT 10.0; Win64; x64) AppleWebKit/537.36 (KHTML, like Gecko) Chrome/89.0.4389.82 Safari/537.36"
::1 - - [13/Mar/2021:14:27:54 +0000] "GET /api/years/ HTTP/1.1" - - "http://localhost:4200/" "Mozilla/5.0 (Windows NT 10.0; Win64; x64) AppleWebKit/537.36 (KHTML, like Gecko) Chrome/89.0.4389.82 Safari/537.36"
::1 - - [13/Mar/2021:14:27:56 +0000] "GET /api/years/ HTTP/1.1" 200 744 "http://localhost:4200/" "Mozilla/5.0 (Windows NT 10.0; Win64; x64) AppleWebKit/537.36 (KHTML, like Gecko) Chrome/89.0.4389.82 Safari/537.36"
::1 - - [13/Mar/2021:14:27:57 +0000] "GET /api/years/ HTTP/1.1" 304 - "http://localhost:4200/" "Mozilla/5.0 (Windows NT 10.0; Win64; x64) AppleWebKit/537.36 (KHTML, like Gecko) Chrome/89.0.4389.82 Safari/537.36"
::1 - - [13/Mar/2021:14:27:58 +0000] "OPTIONS /api/pilgrims/by-year/604503fae49e94291045082f/ HTTP/1.1" 204 0 "http://localhost:4200/" "Mozilla/5.0 (Windows NT 10.0; Win64; x64) AppleWebKit/537.36 (KHTML, like Gecko) Chrome/89.0.4389.82 Safari/537.36"
::1 - - [13/Mar/2021:14:28:00 +0000] "GET /api/pilgrims/by-year/604503fae49e94291045082f/ HTTP/1.1" 304 - "http://localhost:4200/" "Mozilla/5.0 (Windows NT 10.0; Win64; x64) AppleWebKit/537.36 (KHTML, like Gecko) Chrome/89.0.4389.82 Safari/537.36"
::1 - - [13/Mar/2021:14:28:14 +0000] "OPTIONS /api/years/ HTTP/1.1" 204 0 "http://localhost:4200/" "Mozilla/5.0 (Windows NT 10.0; Win64; x64) AppleWebKit/537.36 (KHTML, like Gecko) Chrome/89.0.4389.82 Safari/537.36"
::1 - - [13/Mar/2021:14:28:16 +0000] "GET /api/years/ HTTP/1.1" 304 - "http://localhost:4200/" "Mozilla/5.0 (Windows NT 10.0; Win64; x64) AppleWebKit/537.36 (KHTML, like Gecko) Chrome/89.0.4389.82 Safari/537.36"
::1 - - [13/Mar/2021:14:28:17 +0000] "GET /api/years/ HTTP/1.1" 304 - "http://localhost:4200/" "Mozilla/5.0 (Windows NT 10.0; Win64; x64) AppleWebKit/537.36 (KHTML, like Gecko) Chrome/89.0.4389.82 Safari/537.36"
::1 - - [13/Mar/2021:14:28:17 +0000] "OPTIONS /api/pilgrims/by-year/604503fae49e94291045082f/ HTTP/1.1" 204 0 "http://localhost:4200/" "Mozilla/5.0 (Windows NT 10.0; Win64; x64) AppleWebKit/537.36 (KHTML, like Gecko) Chrome/89.0.4389.82 Safari/537.36"
::1 - - [13/Mar/2021:14:28:21 +0000] "GET /api/pilgrims/by-year/604503fae49e94291045082f/ HTTP/1.1" 304 - "http://localhost:4200/" "Mozilla/5.0 (Windows NT 10.0; Win64; x64) AppleWebKit/537.36 (KHTML, like Gecko) Chrome/89.0.4389.82 Safari/537.36"
::1 - - [13/Mar/2021:14:28:33 +0000] "OPTIONS /api/years/ HTTP/1.1" 204 0 "http://localhost:4200/" "Mozilla/5.0 (Windows NT 10.0; Win64; x64) AppleWebKit/537.36 (KHTML, like Gecko) Chrome/89.0.4389.82 Safari/537.36"
::1 - - [13/Mar/2021:14:28:34 +0000] "GET /api/years/ HTTP/1.1" 304 - "http://localhost:4200/" "Mozilla/5.0 (Windows NT 10.0; Win64; x64) AppleWebKit/537.36 (KHTML, like Gecko) Chrome/89.0.4389.82 Safari/537.36"
::1 - - [13/Mar/2021:14:28:35 +0000] "GET /api/years/ HTTP/1.1" 304 - "http://localhost:4200/" "Mozilla/5.0 (Windows NT 10.0; Win64; x64) AppleWebKit/537.36 (KHTML, like Gecko) Chrome/89.0.4389.82 Safari/537.36"
::1 - - [13/Mar/2021:14:28:35 +0000] "OPTIONS /api/pilgrims/by-year/604503fae49e94291045082f/ HTTP/1.1" 204 0 "http://localhost:4200/" "Mozilla/5.0 (Windows NT 10.0; Win64; x64) AppleWebKit/537.36 (KHTML, like Gecko) Chrome/89.0.4389.82 Safari/537.36"
::1 - - [13/Mar/2021:14:28:38 +0000] "GET /api/pilgrims/by-year/604503fae49e94291045082f/ HTTP/1.1" 304 - "http://localhost:4200/" "Mozilla/5.0 (Windows NT 10.0; Win64; x64) AppleWebKit/537.36 (KHTML, like Gecko) Chrome/89.0.4389.82 Safari/537.36"
::1 - - [13/Mar/2021:14:28:39 +0000] "OPTIONS /api/years/ HTTP/1.1" 204 0 "http://localhost:4200/" "Mozilla/5.0 (Windows NT 10.0; Win64; x64) AppleWebKit/537.36 (KHTML, like Gecko) Chrome/89.0.4389.82 Safari/537.36"
::1 - - [13/Mar/2021:14:28:39 +0000] "OPTIONS /api/years/ HTTP/1.1" 204 0 "http://localhost:4200/" "Mozilla/5.0 (Windows NT 10.0; Win64; x64) AppleWebKit/537.36 (KHTML, like Gecko) Chrome/89.0.4389.82 Safari/537.36"
::1 - - [13/Mar/2021:14:28:41 +0000] "GET /api/years/ HTTP/1.1" 304 - "http://localhost:4200/" "Mozilla/5.0 (Windows NT 10.0; Win64; x64) AppleWebKit/537.36 (KHTML, like Gecko) Chrome/89.0.4389.82 Safari/537.36"
::1 - - [13/Mar/2021:14:28:42 +0000] "GET /api/years/ HTTP/1.1" 304 - "http://localhost:4200/" "Mozilla/5.0 (Windows NT 10.0; Win64; x64) AppleWebKit/537.36 (KHTML, like Gecko) Chrome/89.0.4389.82 Safari/537.36"
::1 - - [13/Mar/2021:14:28:42 +0000] "OPTIONS /api/pilgrims/by-year/604503fae49e94291045082f/ HTTP/1.1" 204 0 "http://localhost:4200/" "Mozilla/5.0 (Windows NT 10.0; Win64; x64) AppleWebKit/537.36 (KHTML, like Gecko) Chrome/89.0.4389.82 Safari/537.36"
::1 - - [13/Mar/2021:14:28:43 +0000] "GET /api/pilgrims/by-year/604503fae49e94291045082f/ HTTP/1.1" - - "http://localhost:4200/" "Mozilla/5.0 (Windows NT 10.0; Win64; x64) AppleWebKit/537.36 (KHTML, like Gecko) Chrome/89.0.4389.82 Safari/537.36"
::1 - - [13/Mar/2021:14:28:45 +0000] "OPTIONS /api/years/ HTTP/1.1" 204 0 "http://localhost:4200/" "Mozilla/5.0 (Windows NT 10.0; Win64; x64) AppleWebKit/537.36 (KHTML, like Gecko) Chrome/89.0.4389.82 Safari/537.36"
::1 - - [13/Mar/2021:14:28:46 +0000] "GET /api/years/ HTTP/1.1" 304 - "http://localhost:4200/" "Mozilla/5.0 (Windows NT 10.0; Win64; x64) AppleWebKit/537.36 (KHTML, like Gecko) Chrome/89.0.4389.82 Safari/537.36"
::1 - - [13/Mar/2021:14:28:48 +0000] "GET /api/years/ HTTP/1.1" 304 - "http://localhost:4200/" "Mozilla/5.0 (Windows NT 10.0; Win64; x64) AppleWebKit/537.36 (KHTML, like Gecko) Chrome/89.0.4389.82 Safari/537.36"
::1 - - [13/Mar/2021:14:28:50 +0000] "GET /api/pilgrims/by-year/604503fae49e94291045082f/ HTTP/1.1" 200 - "http://localhost:4200/" "Mozilla/5.0 (Windows NT 10.0; Win64; x64) AppleWebKit/537.36 (KHTML, like Gecko) Chrome/89.0.4389.82 Safari/537.36"
::1 - - [13/Mar/2021:14:28:53 +0000] "OPTIONS /api/years/ HTTP/1.1" 204 0 "http://localhost:4200/" "Mozilla/5.0 (Windows NT 10.0; Win64; x64) AppleWebKit/537.36 (KHTML, like Gecko) Chrome/89.0.4389.82 Safari/537.36"
::1 - - [13/Mar/2021:14:28:55 +0000] "GET /api/years/ HTTP/1.1" 304 - "http://localhost:4200/" "Mozilla/5.0 (Windows NT 10.0; Win64; x64) AppleWebKit/537.36 (KHTML, like Gecko) Chrome/89.0.4389.82 Safari/537.36"
::1 - - [13/Mar/2021:14:28:56 +0000] "GET /api/years/ HTTP/1.1" 304 - "http://localhost:4200/" "Mozilla/5.0 (Windows NT 10.0; Win64; x64) AppleWebKit/537.36 (KHTML, like Gecko) Chrome/89.0.4389.82 Safari/537.36"
::1 - - [13/Mar/2021:14:28:56 +0000] "OPTIONS /api/pilgrims/by-year/604503fae49e94291045082f/ HTTP/1.1" 204 0 "http://localhost:4200/" "Mozilla/5.0 (Windows NT 10.0; Win64; x64) AppleWebKit/537.36 (KHTML, like Gecko) Chrome/89.0.4389.82 Safari/537.36"
::1 - - [13/Mar/2021:14:28:59 +0000] "GET /api/pilgrims/by-year/604503fae49e94291045082f/ HTTP/1.1" 304 - "http://localhost:4200/" "Mozilla/5.0 (Windows NT 10.0; Win64; x64) AppleWebKit/537.36 (KHTML, like Gecko) Chrome/89.0.4389.82 Safari/537.36"
::1 - - [13/Mar/2021:14:30:19 +0000] "OPTIONS /api/years/ HTTP/1.1" 204 0 "http://localhost:4200/" "Mozilla/5.0 (Windows NT 10.0; Win64; x64) AppleWebKit/537.36 (KHTML, like Gecko) Chrome/89.0.4389.82 Safari/537.36"
::1 - - [13/Mar/2021:14:30:22 +0000] "GET /api/years/ HTTP/1.1" 304 - "http://localhost:4200/" "Mozilla/5.0 (Windows NT 10.0; Win64; x64) AppleWebKit/537.36 (KHTML, like Gecko) Chrome/89.0.4389.82 Safari/537.36"
::1 - - [13/Mar/2021:14:30:24 +0000] "GET /api/years/ HTTP/1.1" 304 - "http://localhost:4200/" "Mozilla/5.0 (Windows NT 10.0; Win64; x64) AppleWebKit/537.36 (KHTML, like Gecko) Chrome/89.0.4389.82 Safari/537.36"
::1 - - [13/Mar/2021:14:30:24 +0000] "OPTIONS /api/pilgrims/by-year/604503fae49e94291045082f/ HTTP/1.1" 204 0 "http://localhost:4200/" "Mozilla/5.0 (Windows NT 10.0; Win64; x64) AppleWebKit/537.36 (KHTML, like Gecko) Chrome/89.0.4389.82 Safari/537.36"
::1 - - [13/Mar/2021:14:30:25 +0000] "GET /api/pilgrims/by-year/604503fae49e94291045082f/ HTTP/1.1" - - "http://localhost:4200/" "Mozilla/5.0 (Windows NT 10.0; Win64; x64) AppleWebKit/537.36 (KHTML, like Gecko) Chrome/89.0.4389.82 Safari/537.36"
::1 - - [13/Mar/2021:14:30:25 +0000] "OPTIONS /api/years/ HTTP/1.1" 204 0 "http://localhost:4200/" "Mozilla/5.0 (Windows NT 10.0; Win64; x64) AppleWebKit/537.36 (KHTML, like Gecko) Chrome/89.0.4389.82 Safari/537.36"
::1 - - [13/Mar/2021:14:30:27 +0000] "GET /api/years/ HTTP/1.1" 304 - "http://localhost:4200/" "Mozilla/5.0 (Windows NT 10.0; Win64; x64) AppleWebKit/537.36 (KHTML, like Gecko) Chrome/89.0.4389.82 Safari/537.36"
::1 - - [13/Mar/2021:14:30:29 +0000] "GET /api/years/ HTTP/1.1" 304 - "http://localhost:4200/" "Mozilla/5.0 (Windows NT 10.0; Win64; x64) AppleWebKit/537.36 (KHTML, like Gecko) Chrome/89.0.4389.82 Safari/537.36"
::1 - - [13/Mar/2021:14:30:30 +0000] "OPTIONS /api/pilgrims/by-year/604503fae49e94291045082f/ HTTP/1.1" 204 0 "http://localhost:4200/" "Mozilla/5.0 (Windows NT 10.0; Win64; x64) AppleWebKit/537.36 (KHTML, like Gecko) Chrome/89.0.4389.82 Safari/537.36"
::1 - - [13/Mar/2021:14:30:33 +0000] "GET /api/pilgrims/by-year/604503fae49e94291045082f/ HTTP/1.1" 200 - "http://localhost:4200/" "Mozilla/5.0 (Windows NT 10.0; Win64; x64) AppleWebKit/537.36 (KHTML, like Gecko) Chrome/89.0.4389.82 Safari/537.36"
::1 - - [13/Mar/2021:14:31:03 +0000] "OPTIONS /api/auths HTTP/1.1" 204 0 "http://localhost:4200/" "Mozilla/5.0 (Windows NT 10.0; Win64; x64) AppleWebKit/537.36 (KHTML, like Gecko) Chrome/89.0.4389.82 Safari/537.36"
::1 - - [13/Mar/2021:14:31:04 +0000] "POST /api/auths HTTP/1.1" - - "http://localhost:4200/" "Mozilla/5.0 (Windows NT 10.0; Win64; x64) AppleWebKit/537.36 (KHTML, like Gecko) Chrome/89.0.4389.82 Safari/537.36"
::1 - - [13/Mar/2021:14:31:05 +0000] "OPTIONS /api/years/ HTTP/1.1" 204 0 "http://localhost:4200/" "Mozilla/5.0 (Windows NT 10.0; Win64; x64) AppleWebKit/537.36 (KHTML, like Gecko) Chrome/89.0.4389.82 Safari/537.36"
::1 - - [13/Mar/2021:14:31:07 +0000] "GET /api/years/ HTTP/1.1" 304 - "http://localhost:4200/" "Mozilla/5.0 (Windows NT 10.0; Win64; x64) AppleWebKit/537.36 (KHTML, like Gecko) Chrome/89.0.4389.82 Safari/537.36"
::1 - - [13/Mar/2021:14:31:10 +0000] "OPTIONS /api/auths HTTP/1.1" 204 0 "http://localhost:4200/" "Mozilla/5.0 (Windows NT 10.0; Win64; x64) AppleWebKit/537.36 (KHTML, like Gecko) Chrome/89.0.4389.82 Safari/537.36"
::1 - - [13/Mar/2021:14:31:12 +0000] "POST /api/auths HTTP/1.1" 200 877 "http://localhost:4200/" "Mozilla/5.0 (Windows NT 10.0; Win64; x64) AppleWebKit/537.36 (KHTML, like Gecko) Chrome/89.0.4389.82 Safari/537.36"
::1 - - [13/Mar/2021:14:31:12 +0000] "OPTIONS /api/years/ HTTP/1.1" 204 0 "http://localhost:4200/" "Mozilla/5.0 (Windows NT 10.0; Win64; x64) AppleWebKit/537.36 (KHTML, like Gecko) Chrome/89.0.4389.82 Safari/537.36"
::1 - - [13/Mar/2021:14:31:14 +0000] "GET /api/years/ HTTP/1.1" 304 - "http://localhost:4200/" "Mozilla/5.0 (Windows NT 10.0; Win64; x64) AppleWebKit/537.36 (KHTML, like Gecko) Chrome/89.0.4389.82 Safari/537.36"
::1 - - [13/Mar/2021:14:31:14 +0000] "OPTIONS /api/pilgrims/by-year/604503fae49e94291045082f/ HTTP/1.1" 204 0 "http://localhost:4200/" "Mozilla/5.0 (Windows NT 10.0; Win64; x64) AppleWebKit/537.36 (KHTML, like Gecko) Chrome/89.0.4389.82 Safari/537.36"
::1 - - [13/Mar/2021:14:31:16 +0000] "GET /api/pilgrims/by-year/604503fae49e94291045082f/ HTTP/1.1" 304 - "http://localhost:4200/" "Mozilla/5.0 (Windows NT 10.0; Win64; x64) AppleWebKit/537.36 (KHTML, like Gecko) Chrome/89.0.4389.82 Safari/537.36"
::1 - - [13/Mar/2021:14:31:57 +0000] "OPTIONS /api/years/ HTTP/1.1" 204 0 "http://localhost:4200/" "Mozilla/5.0 (Windows NT 10.0; Win64; x64) AppleWebKit/537.36 (KHTML, like Gecko) Chrome/89.0.4389.82 Safari/537.36"
::1 - - [13/Mar/2021:14:31:58 +0000] "GET /api/years/ HTTP/1.1" 304 - "http://localhost:4200/" "Mozilla/5.0 (Windows NT 10.0; Win64; x64) AppleWebKit/537.36 (KHTML, like Gecko) Chrome/89.0.4389.82 Safari/537.36"
::1 - - [13/Mar/2021:14:32:00 +0000] "GET /api/years/ HTTP/1.1" 304 - "http://localhost:4200/" "Mozilla/5.0 (Windows NT 10.0; Win64; x64) AppleWebKit/537.36 (KHTML, like Gecko) Chrome/89.0.4389.82 Safari/537.36"
::1 - - [13/Mar/2021:14:32:00 +0000] "OPTIONS /api/pilgrims/by-year/604503fae49e94291045082f/ HTTP/1.1" 204 0 "http://localhost:4200/" "Mozilla/5.0 (Windows NT 10.0; Win64; x64) AppleWebKit/537.36 (KHTML, like Gecko) Chrome/89.0.4389.82 Safari/537.36"
::1 - - [13/Mar/2021:14:32:03 +0000] "GET /api/pilgrims/by-year/604503fae49e94291045082f/ HTTP/1.1" 304 - "http://localhost:4200/" "Mozilla/5.0 (Windows NT 10.0; Win64; x64) AppleWebKit/537.36 (KHTML, like Gecko) Chrome/89.0.4389.82 Safari/537.36"
::1 - - [13/Mar/2021:14:32:51 +0000] "OPTIONS /api/years/ HTTP/1.1" 204 0 "http://localhost:4200/" "Mozilla/5.0 (Windows NT 10.0; Win64; x64) AppleWebKit/537.36 (KHTML, like Gecko) Chrome/89.0.4389.82 Safari/537.36"
::1 - - [13/Mar/2021:14:32:53 +0000] "GET /api/years/ HTTP/1.1" 304 - "http://localhost:4200/" "Mozilla/5.0 (Windows NT 10.0; Win64; x64) AppleWebKit/537.36 (KHTML, like Gecko) Chrome/89.0.4389.82 Safari/537.36"
::1 - - [13/Mar/2021:14:32:54 +0000] "GET /api/years/ HTTP/1.1" 304 - "http://localhost:4200/" "Mozilla/5.0 (Windows NT 10.0; Win64; x64) AppleWebKit/537.36 (KHTML, like Gecko) Chrome/89.0.4389.82 Safari/537.36"
::1 - - [13/Mar/2021:14:32:54 +0000] "OPTIONS /api/pilgrims/by-year/604503fae49e94291045082f/ HTTP/1.1" 204 0 "http://localhost:4200/" "Mozilla/5.0 (Windows NT 10.0; Win64; x64) AppleWebKit/537.36 (KHTML, like Gecko) Chrome/89.0.4389.82 Safari/537.36"
::1 - - [13/Mar/2021:14:32:57 +0000] "GET /api/pilgrims/by-year/604503fae49e94291045082f/ HTTP/1.1" 304 - "http://localhost:4200/" "Mozilla/5.0 (Windows NT 10.0; Win64; x64) AppleWebKit/537.36 (KHTML, like Gecko) Chrome/89.0.4389.82 Safari/537.36"
::1 - - [13/Mar/2021:14:33:00 +0000] "OPTIONS /api/years/ HTTP/1.1" 204 0 "http://localhost:4200/" "Mozilla/5.0 (Windows NT 10.0; Win64; x64) AppleWebKit/537.36 (KHTML, like Gecko) Chrome/89.0.4389.82 Safari/537.36"
::1 - - [13/Mar/2021:14:33:01 +0000] "GET /api/years/ HTTP/1.1" 304 - "http://localhost:4200/" "Mozilla/5.0 (Windows NT 10.0; Win64; x64) AppleWebKit/537.36 (KHTML, like Gecko) Chrome/89.0.4389.82 Safari/537.36"
::1 - - [13/Mar/2021:14:33:03 +0000] "GET /api/years/ HTTP/1.1" 304 - "http://localhost:4200/" "Mozilla/5.0 (Windows NT 10.0; Win64; x64) AppleWebKit/537.36 (KHTML, like Gecko) Chrome/89.0.4389.82 Safari/537.36"
::1 - - [13/Mar/2021:14:33:03 +0000] "OPTIONS /api/pilgrims/by-year/604503fae49e94291045082f/ HTTP/1.1" 204 0 "http://localhost:4200/" "Mozilla/5.0 (Windows NT 10.0; Win64; x64) AppleWebKit/537.36 (KHTML, like Gecko) Chrome/89.0.4389.82 Safari/537.36"
::1 - - [13/Mar/2021:14:33:05 +0000] "GET /api/pilgrims/by-year/604503fae49e94291045082f/ HTTP/1.1" 304 - "http://localhost:4200/" "Mozilla/5.0 (Windows NT 10.0; Win64; x64) AppleWebKit/537.36 (KHTML, like Gecko) Chrome/89.0.4389.82 Safari/537.36"
::1 - - [13/Mar/2021:14:33:08 +0000] "OPTIONS /api/years/ HTTP/1.1" 204 0 "http://localhost:4200/" "Mozilla/5.0 (Windows NT 10.0; Win64; x64) AppleWebKit/537.36 (KHTML, like Gecko) Chrome/89.0.4389.82 Safari/537.36"
::1 - - [13/Mar/2021:14:33:09 +0000] "GET /api/years/ HTTP/1.1" 304 - "http://localhost:4200/" "Mozilla/5.0 (Windows NT 10.0; Win64; x64) AppleWebKit/537.36 (KHTML, like Gecko) Chrome/89.0.4389.82 Safari/537.36"
::1 - - [13/Mar/2021:14:33:10 +0000] "GET /api/years/ HTTP/1.1" 304 - "http://localhost:4200/" "Mozilla/5.0 (Windows NT 10.0; Win64; x64) AppleWebKit/537.36 (KHTML, like Gecko) Chrome/89.0.4389.82 Safari/537.36"
::1 - - [13/Mar/2021:14:33:10 +0000] "OPTIONS /api/pilgrims/by-year/604503fae49e94291045082f/ HTTP/1.1" 204 0 "http://localhost:4200/" "Mozilla/5.0 (Windows NT 10.0; Win64; x64) AppleWebKit/537.36 (KHTML, like Gecko) Chrome/89.0.4389.82 Safari/537.36"
::1 - - [13/Mar/2021:14:33:13 +0000] "GET /api/pilgrims/by-year/604503fae49e94291045082f/ HTTP/1.1" 304 - "http://localhost:4200/" "Mozilla/5.0 (Windows NT 10.0; Win64; x64) AppleWebKit/537.36 (KHTML, like Gecko) Chrome/89.0.4389.82 Safari/537.36"
::1 - - [13/Mar/2021:14:33:43 +0000] "OPTIONS /api/years/ HTTP/1.1" 204 0 "http://localhost:4200/" "Mozilla/5.0 (Windows NT 10.0; Win64; x64) AppleWebKit/537.36 (KHTML, like Gecko) Chrome/89.0.4389.82 Safari/537.36"
::1 - - [13/Mar/2021:14:33:44 +0000] "GET /api/years/ HTTP/1.1" 304 - "http://localhost:4200/" "Mozilla/5.0 (Windows NT 10.0; Win64; x64) AppleWebKit/537.36 (KHTML, like Gecko) Chrome/89.0.4389.82 Safari/537.36"
::1 - - [13/Mar/2021:14:33:46 +0000] "GET /api/years/ HTTP/1.1" 304 - "http://localhost:4200/" "Mozilla/5.0 (Windows NT 10.0; Win64; x64) AppleWebKit/537.36 (KHTML, like Gecko) Chrome/89.0.4389.82 Safari/537.36"
::1 - - [13/Mar/2021:14:33:46 +0000] "OPTIONS /api/pilgrims/by-year/604503fae49e94291045082f/ HTTP/1.1" 204 0 "http://localhost:4200/" "Mozilla/5.0 (Windows NT 10.0; Win64; x64) AppleWebKit/537.36 (KHTML, like Gecko) Chrome/89.0.4389.82 Safari/537.36"
::1 - - [13/Mar/2021:14:33:49 +0000] "GET /api/pilgrims/by-year/604503fae49e94291045082f/ HTTP/1.1" 304 - "http://localhost:4200/" "Mozilla/5.0 (Windows NT 10.0; Win64; x64) AppleWebKit/537.36 (KHTML, like Gecko) Chrome/89.0.4389.82 Safari/537.36"
::1 - - [13/Mar/2021:14:33:50 +0000] "OPTIONS /api/years/ HTTP/1.1" 204 0 "http://localhost:4200/" "Mozilla/5.0 (Windows NT 10.0; Win64; x64) AppleWebKit/537.36 (KHTML, like Gecko) Chrome/89.0.4389.82 Safari/537.36"
::1 - - [13/Mar/2021:14:33:52 +0000] "GET /api/years/ HTTP/1.1" 304 - "http://localhost:4200/" "Mozilla/5.0 (Windows NT 10.0; Win64; x64) AppleWebKit/537.36 (KHTML, like Gecko) Chrome/89.0.4389.82 Safari/537.36"
::1 - - [13/Mar/2021:14:33:53 +0000] "GET /api/years/ HTTP/1.1" 304 - "http://localhost:4200/" "Mozilla/5.0 (Windows NT 10.0; Win64; x64) AppleWebKit/537.36 (KHTML, like Gecko) Chrome/89.0.4389.82 Safari/537.36"
::1 - - [13/Mar/2021:14:33:53 +0000] "OPTIONS /api/pilgrims/by-year/604503fae49e94291045082f/ HTTP/1.1" 204 0 "http://localhost:4200/" "Mozilla/5.0 (Windows NT 10.0; Win64; x64) AppleWebKit/537.36 (KHTML, like Gecko) Chrome/89.0.4389.82 Safari/537.36"
::1 - - [13/Mar/2021:14:33:56 +0000] "GET /api/pilgrims/by-year/604503fae49e94291045082f/ HTTP/1.1" 304 - "http://localhost:4200/" "Mozilla/5.0 (Windows NT 10.0; Win64; x64) AppleWebKit/537.36 (KHTML, like Gecko) Chrome/89.0.4389.82 Safari/537.36"
::1 - - [13/Mar/2021:14:34:04 +0000] "OPTIONS /api/years/ HTTP/1.1" 204 0 "http://localhost:4200/" "Mozilla/5.0 (Windows NT 10.0; Win64; x64) AppleWebKit/537.36 (KHTML, like Gecko) Chrome/89.0.4389.82 Safari/537.36"
::1 - - [13/Mar/2021:14:34:05 +0000] "GET /api/years/ HTTP/1.1" 304 - "http://localhost:4200/" "Mozilla/5.0 (Windows NT 10.0; Win64; x64) AppleWebKit/537.36 (KHTML, like Gecko) Chrome/89.0.4389.82 Safari/537.36"
::1 - - [13/Mar/2021:14:34:07 +0000] "GET /api/years/ HTTP/1.1" 304 - "http://localhost:4200/" "Mozilla/5.0 (Windows NT 10.0; Win64; x64) AppleWebKit/537.36 (KHTML, like Gecko) Chrome/89.0.4389.82 Safari/537.36"
::1 - - [13/Mar/2021:14:34:07 +0000] "OPTIONS /api/pilgrims/by-year/604503fae49e94291045082f/ HTTP/1.1" 204 0 "http://localhost:4200/" "Mozilla/5.0 (Windows NT 10.0; Win64; x64) AppleWebKit/537.36 (KHTML, like Gecko) Chrome/89.0.4389.82 Safari/537.36"
::1 - - [13/Mar/2021:14:34:09 +0000] "GET /api/pilgrims/by-year/604503fae49e94291045082f/ HTTP/1.1" 304 - "http://localhost:4200/" "Mozilla/5.0 (Windows NT 10.0; Win64; x64) AppleWebKit/537.36 (KHTML, like Gecko) Chrome/89.0.4389.82 Safari/537.36"
::1 - - [13/Mar/2021:14:34:50 +0000] "OPTIONS /api/years/ HTTP/1.1" 204 0 "http://localhost:4200/" "Mozilla/5.0 (Windows NT 10.0; Win64; x64) AppleWebKit/537.36 (KHTML, like Gecko) Chrome/89.0.4389.82 Safari/537.36"
::1 - - [13/Mar/2021:14:34:50 +0000] "GET /api/years/ HTTP/1.1" - - "http://localhost:4200/" "Mozilla/5.0 (Windows NT 10.0; Win64; x64) AppleWebKit/537.36 (KHTML, like Gecko) Chrome/89.0.4389.82 Safari/537.36"
::1 - - [13/Mar/2021:14:34:52 +0000] "GET /api/years/ HTTP/1.1" 200 744 "http://localhost:4200/" "Mozilla/5.0 (Windows NT 10.0; Win64; x64) AppleWebKit/537.36 (KHTML, like Gecko) Chrome/89.0.4389.82 Safari/537.36"
::1 - - [13/Mar/2021:14:34:54 +0000] "GET /api/years/ HTTP/1.1" 304 - "http://localhost:4200/" "Mozilla/5.0 (Windows NT 10.0; Win64; x64) AppleWebKit/537.36 (KHTML, like Gecko) Chrome/89.0.4389.82 Safari/537.36"
::1 - - [13/Mar/2021:14:34:54 +0000] "OPTIONS /api/pilgrims/by-year/604503fae49e94291045082f/ HTTP/1.1" 204 0 "http://localhost:4200/" "Mozilla/5.0 (Windows NT 10.0; Win64; x64) AppleWebKit/537.36 (KHTML, like Gecko) Chrome/89.0.4389.82 Safari/537.36"
::1 - - [13/Mar/2021:14:34:55 +0000] "GET /api/pilgrims/by-year/604503fae49e94291045082f/ HTTP/1.1" - - "http://localhost:4200/" "Mozilla/5.0 (Windows NT 10.0; Win64; x64) AppleWebKit/537.36 (KHTML, like Gecko) Chrome/89.0.4389.82 Safari/537.36"
::1 - - [13/Mar/2021:14:34:55 +0000] "OPTIONS /api/years/ HTTP/1.1" 204 0 "http://localhost:4200/" "Mozilla/5.0 (Windows NT 10.0; Win64; x64) AppleWebKit/537.36 (KHTML, like Gecko) Chrome/89.0.4389.82 Safari/537.36"
::1 - - [13/Mar/2021:14:34:57 +0000] "GET /api/years/ HTTP/1.1" 304 - "http://localhost:4200/" "Mozilla/5.0 (Windows NT 10.0; Win64; x64) AppleWebKit/537.36 (KHTML, like Gecko) Chrome/89.0.4389.82 Safari/537.36"
::1 - - [13/Mar/2021:14:34:57 +0000] "GET /api/years/ HTTP/1.1" - - "http://localhost:4200/" "Mozilla/5.0 (Windows NT 10.0; Win64; x64) AppleWebKit/537.36 (KHTML, like Gecko) Chrome/89.0.4389.82 Safari/537.36"
::1 - - [13/Mar/2021:14:34:59 +0000] "GET /api/years/ HTTP/1.1" 200 744 "http://localhost:4200/" "Mozilla/5.0 (Windows NT 10.0; Win64; x64) AppleWebKit/537.36 (KHTML, like Gecko) Chrome/89.0.4389.82 Safari/537.36"
::1 - - [13/Mar/2021:14:35:00 +0000] "GET /api/years/ HTTP/1.1" - - "http://localhost:4200/" "Mozilla/5.0 (Windows NT 10.0; Win64; x64) AppleWebKit/537.36 (KHTML, like Gecko) Chrome/89.0.4389.82 Safari/537.36"
::1 - - [13/Mar/2021:14:35:02 +0000] "OPTIONS /api/years/ HTTP/1.1" 204 0 "http://localhost:4200/" "Mozilla/5.0 (Windows NT 10.0; Win64; x64) AppleWebKit/537.36 (KHTML, like Gecko) Chrome/89.0.4389.82 Safari/537.36"
::1 - - [13/Mar/2021:14:35:02 +0000] "GET /api/years/ HTTP/1.1" - - "http://localhost:4200/" "Mozilla/5.0 (Windows NT 10.0; Win64; x64) AppleWebKit/537.36 (KHTML, like Gecko) Chrome/89.0.4389.82 Safari/537.36"
::1 - - [13/Mar/2021:14:35:04 +0000] "GET /api/years/ HTTP/1.1" 200 744 "http://localhost:4200/" "Mozilla/5.0 (Windows NT 10.0; Win64; x64) AppleWebKit/537.36 (KHTML, like Gecko) Chrome/89.0.4389.82 Safari/537.36"
::1 - - [13/Mar/2021:14:35:06 +0000] "GET /api/years/ HTTP/1.1" 304 - "http://localhost:4200/" "Mozilla/5.0 (Windows NT 10.0; Win64; x64) AppleWebKit/537.36 (KHTML, like Gecko) Chrome/89.0.4389.82 Safari/537.36"
::1 - - [13/Mar/2021:14:35:06 +0000] "OPTIONS /api/pilgrims/by-year/604503fae49e94291045082f/ HTTP/1.1" 204 0 "http://localhost:4200/" "Mozilla/5.0 (Windows NT 10.0; Win64; x64) AppleWebKit/537.36 (KHTML, like Gecko) Chrome/89.0.4389.82 Safari/537.36"
::1 - - [13/Mar/2021:14:35:08 +0000] "GET /api/pilgrims/by-year/604503fae49e94291045082f/ HTTP/1.1" 200 - "http://localhost:4200/" "Mozilla/5.0 (Windows NT 10.0; Win64; x64) AppleWebKit/537.36 (KHTML, like Gecko) Chrome/89.0.4389.82 Safari/537.36"
::1 - - [13/Mar/2021:14:35:25 +0000] "OPTIONS /api/years/ HTTP/1.1" 204 0 "http://localhost:4200/" "Mozilla/5.0 (Windows NT 10.0; Win64; x64) AppleWebKit/537.36 (KHTML, like Gecko) Chrome/89.0.4389.82 Safari/537.36"
::1 - - [13/Mar/2021:14:35:26 +0000] "GET /api/years/ HTTP/1.1" 304 - "http://localhost:4200/" "Mozilla/5.0 (Windows NT 10.0; Win64; x64) AppleWebKit/537.36 (KHTML, like Gecko) Chrome/89.0.4389.82 Safari/537.36"
::1 - - [13/Mar/2021:14:35:27 +0000] "GET /api/years/ HTTP/1.1" - - "http://localhost:4200/" "Mozilla/5.0 (Windows NT 10.0; Win64; x64) AppleWebKit/537.36 (KHTML, like Gecko) Chrome/89.0.4389.82 Safari/537.36"
::1 - - [13/Mar/2021:14:35:29 +0000] "GET /api/years/ HTTP/1.1" 200 744 "http://localhost:4200/" "Mozilla/5.0 (Windows NT 10.0; Win64; x64) AppleWebKit/537.36 (KHTML, like Gecko) Chrome/89.0.4389.82 Safari/537.36"
::1 - - [13/Mar/2021:14:35:30 +0000] "GET /api/years/ HTTP/1.1" 304 - "http://localhost:4200/" "Mozilla/5.0 (Windows NT 10.0; Win64; x64) AppleWebKit/537.36 (KHTML, like Gecko) Chrome/89.0.4389.82 Safari/537.36"
::1 - - [13/Mar/2021:14:35:30 +0000] "OPTIONS /api/pilgrims/by-year/604503fae49e94291045082f/ HTTP/1.1" 204 0 "http://localhost:4200/" "Mozilla/5.0 (Windows NT 10.0; Win64; x64) AppleWebKit/537.36 (KHTML, like Gecko) Chrome/89.0.4389.82 Safari/537.36"
::1 - - [13/Mar/2021:14:35:32 +0000] "GET /api/pilgrims/by-year/604503fae49e94291045082f/ HTTP/1.1" - - "http://localhost:4200/" "Mozilla/5.0 (Windows NT 10.0; Win64; x64) AppleWebKit/537.36 (KHTML, like Gecko) Chrome/89.0.4389.82 Safari/537.36"
::1 - - [13/Mar/2021:14:35:32 +0000] "OPTIONS /api/years/ HTTP/1.1" 204 0 "http://localhost:4200/" "Mozilla/5.0 (Windows NT 10.0; Win64; x64) AppleWebKit/537.36 (KHTML, like Gecko) Chrome/89.0.4389.82 Safari/537.36"
::1 - - [13/Mar/2021:14:35:34 +0000] "GET /api/years/ HTTP/1.1" 304 - "http://localhost:4200/" "Mozilla/5.0 (Windows NT 10.0; Win64; x64) AppleWebKit/537.36 (KHTML, like Gecko) Chrome/89.0.4389.82 Safari/537.36"
::1 - - [13/Mar/2021:14:35:35 +0000] "GET /api/years/ HTTP/1.1" 304 - "http://localhost:4200/" "Mozilla/5.0 (Windows NT 10.0; Win64; x64) AppleWebKit/537.36 (KHTML, like Gecko) Chrome/89.0.4389.82 Safari/537.36"
::1 - - [13/Mar/2021:14:35:38 +0000] "GET /api/pilgrims/by-year/604503fae49e94291045082f/ HTTP/1.1" 200 - "http://localhost:4200/" "Mozilla/5.0 (Windows NT 10.0; Win64; x64) AppleWebKit/537.36 (KHTML, like Gecko) Chrome/89.0.4389.82 Safari/537.36"
::1 - - [13/Mar/2021:14:35:39 +0000] "OPTIONS /api/years/ HTTP/1.1" 204 0 "http://localhost:4200/" "Mozilla/5.0 (Windows NT 10.0; Win64; x64) AppleWebKit/537.36 (KHTML, like Gecko) Chrome/89.0.4389.82 Safari/537.36"
::1 - - [13/Mar/2021:14:35:41 +0000] "GET /api/years/ HTTP/1.1" 304 - "http://localhost:4200/" "Mozilla/5.0 (Windows NT 10.0; Win64; x64) AppleWebKit/537.36 (KHTML, like Gecko) Chrome/89.0.4389.82 Safari/537.36"
::1 - - [13/Mar/2021:14:35:42 +0000] "GET /api/years/ HTTP/1.1" 304 - "http://localhost:4200/" "Mozilla/5.0 (Windows NT 10.0; Win64; x64) AppleWebKit/537.36 (KHTML, like Gecko) Chrome/89.0.4389.82 Safari/537.36"
::1 - - [13/Mar/2021:14:35:42 +0000] "OPTIONS /api/pilgrims/by-year/604503fae49e94291045082f/ HTTP/1.1" 204 0 "http://localhost:4200/" "Mozilla/5.0 (Windows NT 10.0; Win64; x64) AppleWebKit/537.36 (KHTML, like Gecko) Chrome/89.0.4389.82 Safari/537.36"
::1 - - [13/Mar/2021:14:35:45 +0000] "GET /api/pilgrims/by-year/604503fae49e94291045082f/ HTTP/1.1" 304 - "http://localhost:4200/" "Mozilla/5.0 (Windows NT 10.0; Win64; x64) AppleWebKit/537.36 (KHTML, like Gecko) Chrome/89.0.4389.82 Safari/537.36"
::1 - - [13/Mar/2021:14:35:53 +0000] "OPTIONS /api/years/ HTTP/1.1" 204 0 "http://localhost:4200/" "Mozilla/5.0 (Windows NT 10.0; Win64; x64) AppleWebKit/537.36 (KHTML, like Gecko) Chrome/89.0.4389.82 Safari/537.36"
::1 - - [13/Mar/2021:14:35:55 +0000] "GET /api/years/ HTTP/1.1" 304 - "http://localhost:4200/" "Mozilla/5.0 (Windows NT 10.0; Win64; x64) AppleWebKit/537.36 (KHTML, like Gecko) Chrome/89.0.4389.82 Safari/537.36"
::1 - - [13/Mar/2021:14:35:56 +0000] "GET /api/years/ HTTP/1.1" 304 - "http://localhost:4200/" "Mozilla/5.0 (Windows NT 10.0; Win64; x64) AppleWebKit/537.36 (KHTML, like Gecko) Chrome/89.0.4389.82 Safari/537.36"
::1 - - [13/Mar/2021:14:35:56 +0000] "OPTIONS /api/pilgrims/by-year/604503fae49e94291045082f/ HTTP/1.1" 204 0 "http://localhost:4200/" "Mozilla/5.0 (Windows NT 10.0; Win64; x64) AppleWebKit/537.36 (KHTML, like Gecko) Chrome/89.0.4389.82 Safari/537.36"
::1 - - [13/Mar/2021:14:35:58 +0000] "GET /api/pilgrims/by-year/604503fae49e94291045082f/ HTTP/1.1" - - "http://localhost:4200/" "Mozilla/5.0 (Windows NT 10.0; Win64; x64) AppleWebKit/537.36 (KHTML, like Gecko) Chrome/89.0.4389.82 Safari/537.36"
::1 - - [13/Mar/2021:14:35:59 +0000] "OPTIONS /api/years/ HTTP/1.1" 204 0 "http://localhost:4200/" "Mozilla/5.0 (Windows NT 10.0; Win64; x64) AppleWebKit/537.36 (KHTML, like Gecko) Chrome/89.0.4389.82 Safari/537.36"
::1 - - [13/Mar/2021:14:36:00 +0000] "GET /api/years/ HTTP/1.1" 304 - "http://localhost:4200/" "Mozilla/5.0 (Windows NT 10.0; Win64; x64) AppleWebKit/537.36 (KHTML, like Gecko) Chrome/89.0.4389.82 Safari/537.36"
::1 - - [13/Mar/2021:14:36:01 +0000] "GET /api/years/ HTTP/1.1" 304 - "http://localhost:4200/" "Mozilla/5.0 (Windows NT 10.0; Win64; x64) AppleWebKit/537.36 (KHTML, like Gecko) Chrome/89.0.4389.82 Safari/537.36"
::1 - - [13/Mar/2021:14:36:01 +0000] "OPTIONS /api/pilgrims/by-year/604503fae49e94291045082f/ HTTP/1.1" 204 0 "http://localhost:4200/" "Mozilla/5.0 (Windows NT 10.0; Win64; x64) AppleWebKit/537.36 (KHTML, like Gecko) Chrome/89.0.4389.82 Safari/537.36"
::1 - - [13/Mar/2021:14:36:02 +0000] "GET /api/pilgrims/by-year/604503fae49e94291045082f/ HTTP/1.1" - - "http://localhost:4200/" "Mozilla/5.0 (Windows NT 10.0; Win64; x64) AppleWebKit/537.36 (KHTML, like Gecko) Chrome/89.0.4389.82 Safari/537.36"
::1 - - [13/Mar/2021:14:36:04 +0000] "GET /api/years/ HTTP/1.1" 304 - "http://localhost:4200/" "Mozilla/5.0 (Windows NT 10.0; Win64; x64) AppleWebKit/537.36 (KHTML, like Gecko) Chrome/89.0.4389.82 Safari/537.36"
::1 - - [13/Mar/2021:14:36:06 +0000] "GET /api/years/ HTTP/1.1" 304 - "http://localhost:4200/" "Mozilla/5.0 (Windows NT 10.0; Win64; x64) AppleWebKit/537.36 (KHTML, like Gecko) Chrome/89.0.4389.82 Safari/537.36"
::1 - - [13/Mar/2021:14:36:08 +0000] "GET /api/pilgrims/by-year/604503fae49e94291045082f/ HTTP/1.1" - - "http://localhost:4200/" "Mozilla/5.0 (Windows NT 10.0; Win64; x64) AppleWebKit/537.36 (KHTML, like Gecko) Chrome/89.0.4389.82 Safari/537.36"
::1 - - [13/Mar/2021:14:36:08 +0000] "OPTIONS /api/years/ HTTP/1.1" 204 0 "http://localhost:4200/" "Mozilla/5.0 (Windows NT 10.0; Win64; x64) AppleWebKit/537.36 (KHTML, like Gecko) Chrome/89.0.4389.82 Safari/537.36"
::1 - - [13/Mar/2021:14:36:10 +0000] "GET /api/years/ HTTP/1.1" 304 - "http://localhost:4200/" "Mozilla/5.0 (Windows NT 10.0; Win64; x64) AppleWebKit/537.36 (KHTML, like Gecko) Chrome/89.0.4389.82 Safari/537.36"
::1 - - [13/Mar/2021:14:36:11 +0000] "GET /api/years/ HTTP/1.1" 304 - "http://localhost:4200/" "Mozilla/5.0 (Windows NT 10.0; Win64; x64) AppleWebKit/537.36 (KHTML, like Gecko) Chrome/89.0.4389.82 Safari/537.36"
::1 - - [13/Mar/2021:14:36:11 +0000] "OPTIONS /api/pilgrims/by-year/604503fae49e94291045082f/ HTTP/1.1" 204 0 "http://localhost:4200/" "Mozilla/5.0 (Windows NT 10.0; Win64; x64) AppleWebKit/537.36 (KHTML, like Gecko) Chrome/89.0.4389.82 Safari/537.36"
::1 - - [13/Mar/2021:14:36:14 +0000] "GET /api/pilgrims/by-year/604503fae49e94291045082f/ HTTP/1.1" 200 - "http://localhost:4200/" "Mozilla/5.0 (Windows NT 10.0; Win64; x64) AppleWebKit/537.36 (KHTML, like Gecko) Chrome/89.0.4389.82 Safari/537.36"
::1 - - [13/Mar/2021:14:36:20 +0000] "OPTIONS /api/years/ HTTP/1.1" 204 0 "http://localhost:4200/" "Mozilla/5.0 (Windows NT 10.0; Win64; x64) AppleWebKit/537.36 (KHTML, like Gecko) Chrome/89.0.4389.82 Safari/537.36"
::1 - - [13/Mar/2021:14:36:22 +0000] "GET /api/years/ HTTP/1.1" 304 - "http://localhost:4200/" "Mozilla/5.0 (Windows NT 10.0; Win64; x64) AppleWebKit/537.36 (KHTML, like Gecko) Chrome/89.0.4389.82 Safari/537.36"
::1 - - [13/Mar/2021:14:36:23 +0000] "GET /api/years/ HTTP/1.1" - - "http://localhost:4200/" "Mozilla/5.0 (Windows NT 10.0; Win64; x64) AppleWebKit/537.36 (KHTML, like Gecko) Chrome/89.0.4389.82 Safari/537.36"
::1 - - [13/Mar/2021:14:36:25 +0000] "GET /api/years/ HTTP/1.1" 200 744 "http://localhost:4200/" "Mozilla/5.0 (Windows NT 10.0; Win64; x64) AppleWebKit/537.36 (KHTML, like Gecko) Chrome/89.0.4389.82 Safari/537.36"
::1 - - [13/Mar/2021:14:36:25 +0000] "GET /api/years/ HTTP/1.1" - - "http://localhost:4200/" "Mozilla/5.0 (Windows NT 10.0; Win64; x64) AppleWebKit/537.36 (KHTML, like Gecko) Chrome/89.0.4389.82 Safari/537.36"
::1 - - [13/Mar/2021:14:36:26 +0000] "OPTIONS /api/years/ HTTP/1.1" 204 0 "http://localhost:4200/" "Mozilla/5.0 (Windows NT 10.0; Win64; x64) AppleWebKit/537.36 (KHTML, like Gecko) Chrome/89.0.4389.82 Safari/537.36"
::1 - - [13/Mar/2021:14:36:28 +0000] "GET /api/years/ HTTP/1.1" 200 744 "http://localhost:4200/" "Mozilla/5.0 (Windows NT 10.0; Win64; x64) AppleWebKit/537.36 (KHTML, like Gecko) Chrome/89.0.4389.82 Safari/537.36"
::1 - - [13/Mar/2021:14:36:29 +0000] "GET /api/years/ HTTP/1.1" 304 - "http://localhost:4200/" "Mozilla/5.0 (Windows NT 10.0; Win64; x64) AppleWebKit/537.36 (KHTML, like Gecko) Chrome/89.0.4389.82 Safari/537.36"
::1 - - [13/Mar/2021:14:36:29 +0000] "OPTIONS /api/pilgrims/by-year/604503fae49e94291045082f/ HTTP/1.1" 204 0 "http://localhost:4200/" "Mozilla/5.0 (Windows NT 10.0; Win64; x64) AppleWebKit/537.36 (KHTML, like Gecko) Chrome/89.0.4389.82 Safari/537.36"
::1 - - [13/Mar/2021:14:36:32 +0000] "GET /api/pilgrims/by-year/604503fae49e94291045082f/ HTTP/1.1" 304 - "http://localhost:4200/" "Mozilla/5.0 (Windows NT 10.0; Win64; x64) AppleWebKit/537.36 (KHTML, like Gecko) Chrome/89.0.4389.82 Safari/537.36"
::1 - - [13/Mar/2021:14:36:41 +0000] "OPTIONS /api/years/ HTTP/1.1" 204 0 "http://localhost:4200/" "Mozilla/5.0 (Windows NT 10.0; Win64; x64) AppleWebKit/537.36 (KHTML, like Gecko) Chrome/89.0.4389.82 Safari/537.36"
::1 - - [13/Mar/2021:14:36:43 +0000] "GET /api/years/ HTTP/1.1" 304 - "http://localhost:4200/" "Mozilla/5.0 (Windows NT 10.0; Win64; x64) AppleWebKit/537.36 (KHTML, like Gecko) Chrome/89.0.4389.82 Safari/537.36"
::1 - - [13/Mar/2021:14:36:44 +0000] "GET /api/years/ HTTP/1.1" 304 - "http://localhost:4200/" "Mozilla/5.0 (Windows NT 10.0; Win64; x64) AppleWebKit/537.36 (KHTML, like Gecko) Chrome/89.0.4389.82 Safari/537.36"
::1 - - [13/Mar/2021:14:36:44 +0000] "OPTIONS /api/pilgrims/by-year/604503fae49e94291045082f/ HTTP/1.1" 204 0 "http://localhost:4200/" "Mozilla/5.0 (Windows NT 10.0; Win64; x64) AppleWebKit/537.36 (KHTML, like Gecko) Chrome/89.0.4389.82 Safari/537.36"
::1 - - [13/Mar/2021:14:36:44 +0000] "GET /api/pilgrims/by-year/604503fae49e94291045082f/ HTTP/1.1" - - "http://localhost:4200/" "Mozilla/5.0 (Windows NT 10.0; Win64; x64) AppleWebKit/537.36 (KHTML, like Gecko) Chrome/89.0.4389.82 Safari/537.36"
::1 - - [13/Mar/2021:14:36:46 +0000] "GET /api/years/ HTTP/1.1" 304 - "http://localhost:4200/" "Mozilla/5.0 (Windows NT 10.0; Win64; x64) AppleWebKit/537.36 (KHTML, like Gecko) Chrome/89.0.4389.82 Safari/537.36"
::1 - - [13/Mar/2021:14:36:48 +0000] "GET /api/years/ HTTP/1.1" 304 - "http://localhost:4200/" "Mozilla/5.0 (Windows NT 10.0; Win64; x64) AppleWebKit/537.36 (KHTML, like Gecko) Chrome/89.0.4389.82 Safari/537.36"
::1 - - [13/Mar/2021:14:36:50 +0000] "GET /api/pilgrims/by-year/604503fae49e94291045082f/ HTTP/1.1" 200 - "http://localhost:4200/" "Mozilla/5.0 (Windows NT 10.0; Win64; x64) AppleWebKit/537.36 (KHTML, like Gecko) Chrome/89.0.4389.82 Safari/537.36"
::1 - - [13/Mar/2021:14:36:55 +0000] "OPTIONS /api/years/ HTTP/1.1" 204 0 "http://localhost:4200/" "Mozilla/5.0 (Windows NT 10.0; Win64; x64) AppleWebKit/537.36 (KHTML, like Gecko) Chrome/89.0.4389.82 Safari/537.36"
::1 - - [13/Mar/2021:14:36:57 +0000] "GET /api/years/ HTTP/1.1" 304 - "http://localhost:4200/" "Mozilla/5.0 (Windows NT 10.0; Win64; x64) AppleWebKit/537.36 (KHTML, like Gecko) Chrome/89.0.4389.82 Safari/537.36"
::1 - - [13/Mar/2021:14:36:57 +0000] "GET /api/years/ HTTP/1.1" - - "http://localhost:4200/" "Mozilla/5.0 (Windows NT 10.0; Win64; x64) AppleWebKit/537.36 (KHTML, like Gecko) Chrome/89.0.4389.82 Safari/537.36"
::1 - - [13/Mar/2021:14:36:59 +0000] "GET /api/years/ HTTP/1.1" 200 744 "http://localhost:4200/" "Mozilla/5.0 (Windows NT 10.0; Win64; x64) AppleWebKit/537.36 (KHTML, like Gecko) Chrome/89.0.4389.82 Safari/537.36"
::1 - - [13/Mar/2021:14:37:01 +0000] "GET /api/years/ HTTP/1.1" 304 - "http://localhost:4200/" "Mozilla/5.0 (Windows NT 10.0; Win64; x64) AppleWebKit/537.36 (KHTML, like Gecko) Chrome/89.0.4389.82 Safari/537.36"
::1 - - [13/Mar/2021:14:37:01 +0000] "OPTIONS /api/pilgrims/by-year/604503fae49e94291045082f/ HTTP/1.1" 204 0 "http://localhost:4200/" "Mozilla/5.0 (Windows NT 10.0; Win64; x64) AppleWebKit/537.36 (KHTML, like Gecko) Chrome/89.0.4389.82 Safari/537.36"
::1 - - [13/Mar/2021:14:37:02 +0000] "GET /api/pilgrims/by-year/604503fae49e94291045082f/ HTTP/1.1" - - "http://localhost:4200/" "Mozilla/5.0 (Windows NT 10.0; Win64; x64) AppleWebKit/537.36 (KHTML, like Gecko) Chrome/89.0.4389.82 Safari/537.36"
::1 - - [13/Mar/2021:14:37:02 +0000] "OPTIONS /api/years/ HTTP/1.1" 204 0 "http://localhost:4200/" "Mozilla/5.0 (Windows NT 10.0; Win64; x64) AppleWebKit/537.36 (KHTML, like Gecko) Chrome/89.0.4389.82 Safari/537.36"
::1 - - [13/Mar/2021:14:37:04 +0000] "GET /api/years/ HTTP/1.1" 304 - "http://localhost:4200/" "Mozilla/5.0 (Windows NT 10.0; Win64; x64) AppleWebKit/537.36 (KHTML, like Gecko) Chrome/89.0.4389.82 Safari/537.36"
::1 - - [13/Mar/2021:14:37:05 +0000] "GET /api/years/ HTTP/1.1" - - "http://localhost:4200/" "Mozilla/5.0 (Windows NT 10.0; Win64; x64) AppleWebKit/537.36 (KHTML, like Gecko) Chrome/89.0.4389.82 Safari/537.36"
::1 - - [13/Mar/2021:14:37:07 +0000] "GET /api/years/ HTTP/1.1" 200 744 "http://localhost:4200/" "Mozilla/5.0 (Windows NT 10.0; Win64; x64) AppleWebKit/537.36 (KHTML, like Gecko) Chrome/89.0.4389.82 Safari/537.36"
::1 - - [13/Mar/2021:14:37:09 +0000] "GET /api/years/ HTTP/1.1" 304 - "http://localhost:4200/" "Mozilla/5.0 (Windows NT 10.0; Win64; x64) AppleWebKit/537.36 (KHTML, like Gecko) Chrome/89.0.4389.82 Safari/537.36"
::1 - - [13/Mar/2021:14:37:09 +0000] "OPTIONS /api/pilgrims/by-year/604503fae49e94291045082f/ HTTP/1.1" 204 0 "http://localhost:4200/" "Mozilla/5.0 (Windows NT 10.0; Win64; x64) AppleWebKit/537.36 (KHTML, like Gecko) Chrome/89.0.4389.82 Safari/537.36"
::1 - - [13/Mar/2021:14:37:12 +0000] "GET /api/pilgrims/by-year/604503fae49e94291045082f/ HTTP/1.1" 200 - "http://localhost:4200/" "Mozilla/5.0 (Windows NT 10.0; Win64; x64) AppleWebKit/537.36 (KHTML, like Gecko) Chrome/89.0.4389.82 Safari/537.36"
::1 - - [13/Mar/2021:14:37:27 +0000] "OPTIONS /api/years/ HTTP/1.1" 204 0 "http://localhost:4200/" "Mozilla/5.0 (Windows NT 10.0; Win64; x64) AppleWebKit/537.36 (KHTML, like Gecko) Chrome/89.0.4389.82 Safari/537.36"
::1 - - [13/Mar/2021:14:37:29 +0000] "GET /api/years/ HTTP/1.1" 304 - "http://localhost:4200/" "Mozilla/5.0 (Windows NT 10.0; Win64; x64) AppleWebKit/537.36 (KHTML, like Gecko) Chrome/89.0.4389.82 Safari/537.36"
::1 - - [13/Mar/2021:14:37:30 +0000] "GET /api/years/ HTTP/1.1" 304 - "http://localhost:4200/" "Mozilla/5.0 (Windows NT 10.0; Win64; x64) AppleWebKit/537.36 (KHTML, like Gecko) Chrome/89.0.4389.82 Safari/537.36"
::1 - - [13/Mar/2021:14:37:30 +0000] "OPTIONS /api/pilgrims/by-year/604503fae49e94291045082f/ HTTP/1.1" 204 0 "http://localhost:4200/" "Mozilla/5.0 (Windows NT 10.0; Win64; x64) AppleWebKit/537.36 (KHTML, like Gecko) Chrome/89.0.4389.82 Safari/537.36"
::1 - - [13/Mar/2021:14:37:34 +0000] "GET /api/pilgrims/by-year/604503fae49e94291045082f/ HTTP/1.1" 304 - "http://localhost:4200/" "Mozilla/5.0 (Windows NT 10.0; Win64; x64) AppleWebKit/537.36 (KHTML, like Gecko) Chrome/89.0.4389.82 Safari/537.36"
::1 - - [13/Mar/2021:14:37:38 +0000] "OPTIONS /api/years/ HTTP/1.1" 204 0 "http://localhost:4200/" "Mozilla/5.0 (Windows NT 10.0; Win64; x64) AppleWebKit/537.36 (KHTML, like Gecko) Chrome/89.0.4389.82 Safari/537.36"
::1 - - [13/Mar/2021:14:37:40 +0000] "GET /api/years/ HTTP/1.1" 304 - "http://localhost:4200/" "Mozilla/5.0 (Windows NT 10.0; Win64; x64) AppleWebKit/537.36 (KHTML, like Gecko) Chrome/89.0.4389.82 Safari/537.36"
::1 - - [13/Mar/2021:14:37:43 +0000] "OPTIONS /api/years/ HTTP/1.1" 204 0 "http://localhost:4200/" "Mozilla/5.0 (Windows NT 10.0; Win64; x64) AppleWebKit/537.36 (KHTML, like Gecko) Chrome/89.0.4389.82 Safari/537.36"
::1 - - [13/Mar/2021:14:37:44 +0000] "GET /api/years/ HTTP/1.1" 304 - "http://localhost:4200/" "Mozilla/5.0 (Windows NT 10.0; Win64; x64) AppleWebKit/537.36 (KHTML, like Gecko) Chrome/89.0.4389.82 Safari/537.36"
::1 - - [13/Mar/2021:14:37:45 +0000] "GET /api/years/ HTTP/1.1" 304 - "http://localhost:4200/" "Mozilla/5.0 (Windows NT 10.0; Win64; x64) AppleWebKit/537.36 (KHTML, like Gecko) Chrome/89.0.4389.82 Safari/537.36"
::1 - - [13/Mar/2021:14:37:45 +0000] "OPTIONS /api/pilgrims/by-year/604503fae49e94291045082f/ HTTP/1.1" 204 0 "http://localhost:4200/" "Mozilla/5.0 (Windows NT 10.0; Win64; x64) AppleWebKit/537.36 (KHTML, like Gecko) Chrome/89.0.4389.82 Safari/537.36"
::1 - - [13/Mar/2021:14:37:48 +0000] "GET /api/pilgrims/by-year/604503fae49e94291045082f/ HTTP/1.1" 304 - "http://localhost:4200/" "Mozilla/5.0 (Windows NT 10.0; Win64; x64) AppleWebKit/537.36 (KHTML, like Gecko) Chrome/89.0.4389.82 Safari/537.36"
::1 - - [13/Mar/2021:14:38:00 +0000] "OPTIONS /api/years/ HTTP/1.1" 204 0 "http://localhost:4200/" "Mozilla/5.0 (Windows NT 10.0; Win64; x64) AppleWebKit/537.36 (KHTML, like Gecko) Chrome/89.0.4389.82 Safari/537.36"
::1 - - [13/Mar/2021:14:38:01 +0000] "GET /api/years/ HTTP/1.1" 304 - "http://localhost:4200/" "Mozilla/5.0 (Windows NT 10.0; Win64; x64) AppleWebKit/537.36 (KHTML, like Gecko) Chrome/89.0.4389.82 Safari/537.36"
::1 - - [13/Mar/2021:14:38:03 +0000] "GET /api/years/ HTTP/1.1" 304 - "http://localhost:4200/" "Mozilla/5.0 (Windows NT 10.0; Win64; x64) AppleWebKit/537.36 (KHTML, like Gecko) Chrome/89.0.4389.82 Safari/537.36"
::1 - - [13/Mar/2021:14:38:03 +0000] "OPTIONS /api/pilgrims/by-year/604503fae49e94291045082f/ HTTP/1.1" 204 0 "http://localhost:4200/" "Mozilla/5.0 (Windows NT 10.0; Win64; x64) AppleWebKit/537.36 (KHTML, like Gecko) Chrome/89.0.4389.82 Safari/537.36"
::1 - - [13/Mar/2021:14:38:06 +0000] "GET /api/pilgrims/by-year/604503fae49e94291045082f/ HTTP/1.1" 304 - "http://localhost:4200/" "Mozilla/5.0 (Windows NT 10.0; Win64; x64) AppleWebKit/537.36 (KHTML, like Gecko) Chrome/89.0.4389.82 Safari/537.36"
::1 - - [13/Mar/2021:14:38:42 +0000] "OPTIONS /api/years/ HTTP/1.1" 204 0 "http://localhost:4200/" "Mozilla/5.0 (Windows NT 10.0; Win64; x64) AppleWebKit/537.36 (KHTML, like Gecko) Chrome/89.0.4389.82 Safari/537.36"
::1 - - [13/Mar/2021:14:38:44 +0000] "GET /api/years/ HTTP/1.1" 304 - "http://localhost:4200/" "Mozilla/5.0 (Windows NT 10.0; Win64; x64) AppleWebKit/537.36 (KHTML, like Gecko) Chrome/89.0.4389.82 Safari/537.36"
::1 - - [13/Mar/2021:14:38:46 +0000] "GET /api/years/ HTTP/1.1" 304 - "http://localhost:4200/" "Mozilla/5.0 (Windows NT 10.0; Win64; x64) AppleWebKit/537.36 (KHTML, like Gecko) Chrome/89.0.4389.82 Safari/537.36"
::1 - - [13/Mar/2021:14:38:46 +0000] "OPTIONS /api/pilgrims/by-year/604503fae49e94291045082f/ HTTP/1.1" 204 0 "http://localhost:4200/" "Mozilla/5.0 (Windows NT 10.0; Win64; x64) AppleWebKit/537.36 (KHTML, like Gecko) Chrome/89.0.4389.82 Safari/537.36"
::1 - - [13/Mar/2021:14:38:48 +0000] "GET /api/pilgrims/by-year/604503fae49e94291045082f/ HTTP/1.1" 304 - "http://localhost:4200/" "Mozilla/5.0 (Windows NT 10.0; Win64; x64) AppleWebKit/537.36 (KHTML, like Gecko) Chrome/89.0.4389.82 Safari/537.36"
::1 - - [13/Mar/2021:14:39:07 +0000] "OPTIONS /api/years/ HTTP/1.1" 204 0 "http://localhost:4200/" "Mozilla/5.0 (Windows NT 10.0; Win64; x64) AppleWebKit/537.36 (KHTML, like Gecko) Chrome/89.0.4389.82 Safari/537.36"
::1 - - [13/Mar/2021:14:39:09 +0000] "GET /api/years/ HTTP/1.1" 304 - "http://localhost:4200/" "Mozilla/5.0 (Windows NT 10.0; Win64; x64) AppleWebKit/537.36 (KHTML, like Gecko) Chrome/89.0.4389.82 Safari/537.36"
::1 - - [13/Mar/2021:14:39:10 +0000] "GET /api/years/ HTTP/1.1" 304 - "http://localhost:4200/" "Mozilla/5.0 (Windows NT 10.0; Win64; x64) AppleWebKit/537.36 (KHTML, like Gecko) Chrome/89.0.4389.82 Safari/537.36"
::1 - - [13/Mar/2021:14:39:10 +0000] "OPTIONS /api/pilgrims/by-year/604503fae49e94291045082f/ HTTP/1.1" 204 0 "http://localhost:4200/" "Mozilla/5.0 (Windows NT 10.0; Win64; x64) AppleWebKit/537.36 (KHTML, like Gecko) Chrome/89.0.4389.82 Safari/537.36"
::1 - - [13/Mar/2021:14:39:11 +0000] "OPTIONS /api/users/604cc89015392523cc5f99ad HTTP/1.1" 204 0 "http://localhost:4200/" "Mozilla/5.0 (Windows NT 10.0; Win64; x64) AppleWebKit/537.36 (KHTML, like Gecko) Chrome/89.0.4389.82 Safari/537.36"
::1 - - [13/Mar/2021:14:39:13 +0000] "GET /api/pilgrims/by-year/604503fae49e94291045082f/ HTTP/1.1" 304 - "http://localhost:4200/" "Mozilla/5.0 (Windows NT 10.0; Win64; x64) AppleWebKit/537.36 (KHTML, like Gecko) Chrome/89.0.4389.82 Safari/537.36"
::1 - - [13/Mar/2021:14:39:13 +0000] "GET /api/users/604cc89015392523cc5f99ad HTTP/1.1" 200 360 "http://localhost:4200/" "Mozilla/5.0 (Windows NT 10.0; Win64; x64) AppleWebKit/537.36 (KHTML, like Gecko) Chrome/89.0.4389.82 Safari/537.36"
::1 - - [13/Mar/2021:14:39:48 +0000] "OPTIONS /api/years/ HTTP/1.1" 204 0 "http://localhost:4200/" "Mozilla/5.0 (Windows NT 10.0; Win64; x64) AppleWebKit/537.36 (KHTML, like Gecko) Chrome/89.0.4389.82 Safari/537.36"
::1 - - [13/Mar/2021:14:39:50 +0000] "GET /api/years/ HTTP/1.1" 304 - "http://localhost:4200/" "Mozilla/5.0 (Windows NT 10.0; Win64; x64) AppleWebKit/537.36 (KHTML, like Gecko) Chrome/89.0.4389.82 Safari/537.36"
::1 - - [13/Mar/2021:14:39:50 +0000] "OPTIONS /api/pilgrims/by-year/604503fae49e94291045082f/ HTTP/1.1" 204 0 "http://localhost:4200/" "Mozilla/5.0 (Windows NT 10.0; Win64; x64) AppleWebKit/537.36 (KHTML, like Gecko) Chrome/89.0.4389.82 Safari/537.36"
::1 - - [13/Mar/2021:14:39:51 +0000] "GET /api/years/ HTTP/1.1" 304 - "http://localhost:4200/" "Mozilla/5.0 (Windows NT 10.0; Win64; x64) AppleWebKit/537.36 (KHTML, like Gecko) Chrome/89.0.4389.82 Safari/537.36"
::1 - - [13/Mar/2021:14:39:52 +0000] "GET /api/pilgrims/by-year/604503fae49e94291045082f/ HTTP/1.1" 304 - "http://localhost:4200/" "Mozilla/5.0 (Windows NT 10.0; Win64; x64) AppleWebKit/537.36 (KHTML, like Gecko) Chrome/89.0.4389.82 Safari/537.36"
::1 - - [13/Mar/2021:14:39:56 +0000] "OPTIONS /api/users/604cc89015392523cc5f99ad HTTP/1.1" 204 0 "http://localhost:4200/" "Mozilla/5.0 (Windows NT 10.0; Win64; x64) AppleWebKit/537.36 (KHTML, like Gecko) Chrome/89.0.4389.82 Safari/537.36"
::1 - - [13/Mar/2021:14:39:59 +0000] "GET /api/users/604cc89015392523cc5f99ad HTTP/1.1" 304 - "http://localhost:4200/" "Mozilla/5.0 (Windows NT 10.0; Win64; x64) AppleWebKit/537.36 (KHTML, like Gecko) Chrome/89.0.4389.82 Safari/537.36"
::1 - - [13/Mar/2021:14:40:02 +0000] "OPTIONS /api/users/604cc89015392523cc5f99ad HTTP/1.1" 204 0 "http://localhost:4200/" "Mozilla/5.0 (Windows NT 10.0; Win64; x64) AppleWebKit/537.36 (KHTML, like Gecko) Chrome/89.0.4389.82 Safari/537.36"
::1 - - [13/Mar/2021:14:40:04 +0000] "GET /api/users/604cc89015392523cc5f99ad HTTP/1.1" 304 - "http://localhost:4200/" "Mozilla/5.0 (Windows NT 10.0; Win64; x64) AppleWebKit/537.36 (KHTML, like Gecko) Chrome/89.0.4389.82 Safari/537.36"
::1 - - [13/Mar/2021:14:40:55 +0000] "OPTIONS /api/users/604cc89015392523cc5f99ad HTTP/1.1" 204 0 "http://localhost:4200/" "Mozilla/5.0 (Windows NT 10.0; Win64; x64) AppleWebKit/537.36 (KHTML, like Gecko) Chrome/89.0.4389.82 Safari/537.36"
::1 - - [13/Mar/2021:14:40:57 +0000] "GET /api/users/604cc89015392523cc5f99ad HTTP/1.1" 304 - "http://localhost:4200/" "Mozilla/5.0 (Windows NT 10.0; Win64; x64) AppleWebKit/537.36 (KHTML, like Gecko) Chrome/89.0.4389.82 Safari/537.36"
::1 - - [13/Mar/2021:14:41:22 +0000] "OPTIONS /api/years/ HTTP/1.1" 204 0 "http://localhost:4200/" "Mozilla/5.0 (Windows NT 10.0; Win64; x64) AppleWebKit/537.36 (KHTML, like Gecko) Chrome/89.0.4389.82 Safari/537.36"
::1 - - [13/Mar/2021:14:41:24 +0000] "GET /api/years/ HTTP/1.1" 304 - "http://localhost:4200/" "Mozilla/5.0 (Windows NT 10.0; Win64; x64) AppleWebKit/537.36 (KHTML, like Gecko) Chrome/89.0.4389.82 Safari/537.36"
::1 - - [13/Mar/2021:14:41:24 +0000] "OPTIONS /api/pilgrims/by-year/604503fae49e94291045082f/ HTTP/1.1" 204 0 "http://localhost:4200/" "Mozilla/5.0 (Windows NT 10.0; Win64; x64) AppleWebKit/537.36 (KHTML, like Gecko) Chrome/89.0.4389.82 Safari/537.36"
::1 - - [13/Mar/2021:14:41:26 +0000] "GET /api/years/ HTTP/1.1" 304 - "http://localhost:4200/" "Mozilla/5.0 (Windows NT 10.0; Win64; x64) AppleWebKit/537.36 (KHTML, like Gecko) Chrome/89.0.4389.82 Safari/537.36"
::1 - - [13/Mar/2021:14:41:26 +0000] "OPTIONS /api/users/604cc89015392523cc5f99ad HTTP/1.1" 204 0 "http://localhost:4200/" "Mozilla/5.0 (Windows NT 10.0; Win64; x64) AppleWebKit/537.36 (KHTML, like Gecko) Chrome/89.0.4389.82 Safari/537.36"
::1 - - [13/Mar/2021:14:41:27 +0000] "GET /api/pilgrims/by-year/604503fae49e94291045082f/ HTTP/1.1" 304 - "http://localhost:4200/" "Mozilla/5.0 (Windows NT 10.0; Win64; x64) AppleWebKit/537.36 (KHTML, like Gecko) Chrome/89.0.4389.82 Safari/537.36"
::1 - - [13/Mar/2021:14:41:28 +0000] "GET /api/users/604cc89015392523cc5f99ad HTTP/1.1" 304 - "http://localhost:4200/" "Mozilla/5.0 (Windows NT 10.0; Win64; x64) AppleWebKit/537.36 (KHTML, like Gecko) Chrome/89.0.4389.82 Safari/537.36"
::1 - - [13/Mar/2021:14:41:32 +0000] "OPTIONS /api/users/604cc89015392523cc5f99ad HTTP/1.1" 204 0 "http://localhost:4200/" "Mozilla/5.0 (Windows NT 10.0; Win64; x64) AppleWebKit/537.36 (KHTML, like Gecko) Chrome/89.0.4389.82 Safari/537.36"
::1 - - [13/Mar/2021:14:41:34 +0000] "GET /api/users/604cc89015392523cc5f99ad HTTP/1.1" 304 - "http://localhost:4200/" "Mozilla/5.0 (Windows NT 10.0; Win64; x64) AppleWebKit/537.36 (KHTML, like Gecko) Chrome/89.0.4389.82 Safari/537.36"
